<?xml version="1.0" encoding="UTF-8"?>
<!-- Generated by org.testng.reporters.JUnitReportReporter -->
<testsuite skipped="0" hostname="LBNL700201" name="testcases.ChooseTestGroup" tests="1" failures="0" timestamp="03 mei 2018 09:37:02 GMT" time="0.001" errors="0">
  <testcase name="groupTest" time="0.001" classname="testcases.ChooseTestGroup"/>
</testsuite> <!-- testcases.ChooseTestGroup -->
