<?xml version="1.0" encoding="UTF-8"?>
<!-- Generated by org.testng.reporters.JUnitReportReporter -->
<testsuite hostname="LBNL03409" failures="4" tests="68" name="testcases.TestNavigation" time="298.621" errors="1" timestamp="24 mei 2018 12:02:26 GMT" skipped="12">
  <testcase classname="testcases.TestNavigation" name="citrix" time="5.467"/>
  <testcase classname="testcases.TestNavigation" name="grantUserMailboxAccess" time="6.079"/>
  <testcase classname="testcases.TestNavigation" name="communicationApp" time="4.238"/>
  <testcase classname="testcases.TestNavigation" name="antivirus" time="12.136"/>
  <testcase classname="testcases.TestNavigation" name="modifyIncident" time="0.000">
    <skipped/>
  </testcase> <!-- modifyIncident -->
  <testcase classname="testcases.TestNavigation" name="emailMailbox" time="4.422"/>
  <testcase classname="testcases.TestNavigation" name="vPN" time="4.488"/>
  <testcase classname="testcases.TestNavigation" name="infrastructure" time="3.495"/>
  <testcase classname="testcases.TestNavigation" name="spam" time="0.001">
    <skipped/>
  </testcase> <!-- spam -->
  <testcase classname="testcases.TestNavigation" name="issueEmails" time="0.000">
    <skipped/>
  </testcase> <!-- issueEmails -->
  <testcase classname="testcases.TestNavigation" name="createSharedMailbox" time="5.385"/>
  <testcase classname="testcases.TestNavigation" name="deleteSharedMailbox" time="5.907"/>
  <testcase classname="testcases.TestNavigation" name="changeNameManager" time="4.465"/>
  <testcase classname="testcases.TestNavigation" name="hardwareRequest" time="4.007"/>
  <testcase classname="testcases.TestNavigation" name="grantSharedMailboxAccess" time="6.556"/>
  <testcase classname="testcases.TestNavigation" name="bPC" time="5.049"/>
  <testcase classname="testcases.TestNavigation" name="communication" time="3.711"/>
  <testcase classname="testcases.TestNavigation" name="officeApp" time="7.871"/>
  <testcase classname="testcases.TestNavigation" name="exchange" time="11.769">
    <failure message="expected [true] but found [false]" type="java.lang.AssertionError">
      <![CDATA[java.lang.AssertionError: expected [true] but found [false]
at org.testng.Assert.fail(Assert.java:96)
at org.testng.Assert.failNotEquals(Assert.java:776)
at org.testng.Assert.assertEqualsImpl(Assert.java:137)
at org.testng.Assert.assertEquals(Assert.java:118)
at org.testng.Assert.assertEquals(Assert.java:568)
at org.testng.Assert.assertEquals(Assert.java:578)
at testcases.TestNavigation.exchange(TestNavigation.java:791)
at java.base/jdk.internal.reflect.NativeMethodAccessorImpl.invoke0(Native Method)
at java.base/jdk.internal.reflect.NativeMethodAccessorImpl.invoke(Unknown Source)
at java.base/jdk.internal.reflect.DelegatingMethodAccessorImpl.invoke(Unknown Source)
at java.base/java.lang.reflect.Method.invoke(Unknown Source)
at org.testng.internal.MethodInvocationHelper.invokeMethod(MethodInvocationHelper.java:124)
at org.testng.internal.Invoker.invokeMethod(Invoker.java:580)
at org.testng.internal.Invoker.invokeTestMethod(Invoker.java:716)
at org.testng.internal.Invoker.invokeTestMethods(Invoker.java:988)
at org.testng.internal.TestMethodWorker.invokeTestMethods(TestMethodWorker.java:125)
at org.testng.internal.TestMethodWorker.run(TestMethodWorker.java:109)
at org.testng.TestRunner.privateRun(TestRunner.java:648)
at org.testng.TestRunner.run(TestRunner.java:505)
at org.testng.SuiteRunner.runTest(SuiteRunner.java:455)
at org.testng.SuiteRunner.runSequentially(SuiteRunner.java:450)
at org.testng.SuiteRunner.privateRun(SuiteRunner.java:415)
at org.testng.SuiteRunner.run(SuiteRunner.java:364)
at org.testng.SuiteRunnerWorker.runSuite(SuiteRunnerWorker.java:52)
at org.testng.SuiteRunnerWorker.run(SuiteRunnerWorker.java:84)
at org.testng.TestNG.runSuitesSequentially(TestNG.java:1208)
at org.testng.TestNG.runSuitesLocally(TestNG.java:1137)
at org.testng.TestNG.runSuites(TestNG.java:1049)
at org.testng.TestNG.run(TestNG.java:1017)
at org.testng.remote.AbstractRemoteTestNG.run(AbstractRemoteTestNG.java:114)
at org.testng.remote.RemoteTestNG.initAndRun(RemoteTestNG.java:251)
at org.testng.remote.RemoteTestNG.main(RemoteTestNG.java:77)
]]>
    </failure>
  </testcase> <!-- exchange -->
  <testcase classname="testcases.TestNavigation" name="submitARequest" time="2.458"/>
  <testcase classname="testcases.TestNavigation" name="createEmailIntoFolder" time="5.676"/>
  <testcase classname="testcases.TestNavigation" name="reportAnIncident" time="3.539"/>
  <testcase classname="testcases.TestNavigation" name="dataManagement" time="4.838"/>
  <testcase classname="testcases.TestNavigation" name="changeLastName" time="4.749"/>
  <testcase classname="testcases.TestNavigation" name="incidentSoftware" time="3.729"/>
  <testcase classname="testcases.TestNavigation" name="modifyTicket" time="0.000">
    <skipped/>
  </testcase> <!-- modifyTicket -->
  <testcase classname="testcases.TestNavigation" name="changeOfficeAddress" time="7.655"/>
  <testcase classname="testcases.TestNavigation" name="badPerformance" time="5.581"/>
  <testcase classname="testcases.TestNavigation" name="createDistributionList" time="6.702"/>
  <testcase classname="testcases.TestNavigation" name="unlockAccount" time="4.223"/>
  <testcase classname="testcases.TestNavigation" name="disableSharedMailbox" time="5.823"/>
  <testcase classname="testcases.TestNavigation" name="imis" time="3.890"/>
  <testcase classname="testcases.TestNavigation" name="accessSharedCalendar" time="0.001">
    <skipped/>
  </testcase> <!-- accessSharedCalendar -->
  <testcase classname="testcases.TestNavigation" name="incidentNetwork" time="3.902"/>
  <testcase classname="testcases.TestNavigation" name="otherSoftware" time="5.128"/>
  <testcase classname="testcases.TestNavigation" name="accessMailboxExhange" time="0.000">
    <skipped/>
  </testcase> <!-- accessMailboxExhange -->
  <testcase classname="testcases.TestNavigation" name="modifyRequest" time="0.000">
    <skipped/>
  </testcase> <!-- modifyRequest -->
  <testcase classname="testcases.TestNavigation" name="activeDirectory" time="6.551"/>
  <testcase classname="testcases.TestNavigation" name="notSpam" time="0.000">
    <skipped/>
  </testcase> <!-- notSpam -->
  <testcase classname="testcases.TestNavigation" name="clickview" time="5.769"/>
  <testcase classname="testcases.TestNavigation" name="scorecards" time="4.373"/>
  <testcase classname="testcases.TestNavigation" name="incidentHardware" time="3.930"/>
  <testcase classname="testcases.TestNavigation" name="proconcept" time="4.346"/>
  <testcase classname="testcases.TestNavigation" name="createModifyTicket" time="0.551">
    <error type="java.lang.StackOverflowError">
      <![CDATA[java.lang.StackOverflowError
at utilities.NavigationTree.clickButton(NavigationTree.java:87)
at utilities.NavigationTree.clickButton(NavigationTree.java:95)
at utilities.NavigationTree.clickButton(NavigationTree.java:95)
at utilities.NavigationTree.clickButton(NavigationTree.java:95)
at utilities.NavigationTree.clickButton(NavigationTree.java:95)
at utilities.NavigationTree.clickButton(NavigationTree.java:95)
at utilities.NavigationTree.clickButton(NavigationTree.java:95)
at utilities.NavigationTree.clickButton(NavigationTree.java:95)
at utilities.NavigationTree.clickButton(NavigationTree.java:95)
at utilities.NavigationTree.clickButton(NavigationTree.java:95)
at utilities.NavigationTree.clickButton(NavigationTree.java:95)
at utilities.NavigationTree.clickButton(NavigationTree.java:95)
at utilities.NavigationTree.clickButton(NavigationTree.java:95)
at utilities.NavigationTree.clickButton(NavigationTree.java:95)
at utilities.NavigationTree.clickButton(NavigationTree.java:95)
at utilities.NavigationTree.clickButton(NavigationTree.java:95)
at utilities.NavigationTree.clickButton(NavigationTree.java:95)
at utilities.NavigationTree.clickButton(NavigationTree.java:95)
at utilities.NavigationTree.clickButton(NavigationTree.java:95)
at utilities.NavigationTree.clickButton(NavigationTree.java:95)
at utilities.NavigationTree.clickButton(NavigationTree.java:95)
at utilities.NavigationTree.clickButton(NavigationTree.java:95)
at utilities.NavigationTree.clickButton(NavigationTree.java:95)
at utilities.NavigationTree.clickButton(NavigationTree.java:95)
at utilities.NavigationTree.clickButton(NavigationTree.java:95)
at utilities.NavigationTree.clickButton(NavigationTree.java:95)
at utilities.NavigationTree.clickButton(NavigationTree.java:95)
at utilities.NavigationTree.clickButton(NavigationTree.java:95)
at utilities.NavigationTree.clickButton(NavigationTree.java:95)
at utilities.NavigationTree.clickButton(NavigationTree.java:95)
at utilities.NavigationTree.clickButton(NavigationTree.java:95)
at utilities.NavigationTree.clickButton(NavigationTree.java:95)
at utilities.NavigationTree.clickButton(NavigationTree.java:95)
at utilities.NavigationTree.clickButton(NavigationTree.java:95)
at utilities.NavigationTree.clickButton(NavigationTree.java:95)
at utilities.NavigationTree.clickButton(NavigationTree.java:95)
at utilities.NavigationTree.clickButton(NavigationTree.java:95)
at utilities.NavigationTree.clickButton(NavigationTree.java:95)
at utilities.NavigationTree.clickButton(NavigationTree.java:95)
at utilities.NavigationTree.clickButton(NavigationTree.java:95)
at utilities.NavigationTree.clickButton(NavigationTree.java:95)
at utilities.NavigationTree.clickButton(NavigationTree.java:95)
at utilities.NavigationTree.clickButton(NavigationTree.java:95)
at utilities.NavigationTree.clickButton(NavigationTree.java:95)
at utilities.NavigationTree.clickButton(NavigationTree.java:95)
at utilities.NavigationTree.clickButton(NavigationTree.java:95)
at utilities.NavigationTree.clickButton(NavigationTree.java:95)
at utilities.NavigationTree.clickButton(NavigationTree.java:95)
at utilities.NavigationTree.clickButton(NavigationTree.java:95)
at utilities.NavigationTree.clickButton(NavigationTree.java:95)
at utilities.NavigationTree.clickButton(NavigationTree.java:95)
at utilities.NavigationTree.clickButton(NavigationTree.java:95)
at utilities.NavigationTree.clickButton(NavigationTree.java:95)
at utilities.NavigationTree.clickButton(NavigationTree.java:95)
at utilities.NavigationTree.clickButton(NavigationTree.java:95)
at utilities.NavigationTree.clickButton(NavigationTree.java:95)
at utilities.NavigationTree.clickButton(NavigationTree.java:95)
at utilities.NavigationTree.clickButton(NavigationTree.java:95)
at utilities.NavigationTree.clickButton(NavigationTree.java:95)
at utilities.NavigationTree.clickButton(NavigationTree.java:95)
at utilities.NavigationTree.clickButton(NavigationTree.java:95)
at utilities.NavigationTree.clickButton(NavigationTree.java:95)
at utilities.NavigationTree.clickButton(NavigationTree.java:95)
at utilities.NavigationTree.clickButton(NavigationTree.java:95)
at utilities.NavigationTree.clickButton(NavigationTree.java:95)
at utilities.NavigationTree.clickButton(NavigationTree.java:95)
at utilities.NavigationTree.clickButton(NavigationTree.java:95)
at utilities.NavigationTree.clickButton(NavigationTree.java:95)
at utilities.NavigationTree.clickButton(NavigationTree.java:95)
at utilities.NavigationTree.clickButton(NavigationTree.java:95)
at utilities.NavigationTree.clickButton(NavigationTree.java:95)
at utilities.NavigationTree.clickButton(NavigationTree.java:95)
at utilities.NavigationTree.clickButton(NavigationTree.java:95)
at utilities.NavigationTree.clickButton(NavigationTree.java:95)
at utilities.NavigationTree.clickButton(NavigationTree.java:95)
at utilities.NavigationTree.clickButton(NavigationTree.java:95)
at utilities.NavigationTree.clickButton(NavigationTree.java:95)
at utilities.NavigationTree.clickButton(NavigationTree.java:95)
at utilities.NavigationTree.clickButton(NavigationTree.java:95)
at utilities.NavigationTree.clickButton(NavigationTree.java:95)
at utilities.NavigationTree.clickButton(NavigationTree.java:95)
at utilities.NavigationTree.clickButton(NavigationTree.java:95)
at utilities.NavigationTree.clickButton(NavigationTree.java:95)
at utilities.NavigationTree.clickButton(NavigationTree.java:95)
at utilities.NavigationTree.clickButton(NavigationTree.java:95)
at utilities.NavigationTree.clickButton(NavigationTree.java:95)
at utilities.NavigationTree.clickButton(NavigationTree.java:95)
at utilities.NavigationTree.clickButton(NavigationTree.java:95)
at utilities.NavigationTree.clickButton(NavigationTree.java:95)
at utilities.NavigationTree.clickButton(NavigationTree.java:95)
at utilities.NavigationTree.clickButton(NavigationTree.java:95)
at utilities.NavigationTree.clickButton(NavigationTree.java:95)
at utilities.NavigationTree.clickButton(NavigationTree.java:95)
at utilities.NavigationTree.clickButton(NavigationTree.java:95)
at utilities.NavigationTree.clickButton(NavigationTree.java:95)
at utilities.NavigationTree.clickButton(NavigationTree.java:95)
at utilities.NavigationTree.clickButton(NavigationTree.java:95)
at utilities.NavigationTree.clickButton(NavigationTree.java:95)
at utilities.NavigationTree.clickButton(NavigationTree.java:95)
at utilities.NavigationTree.clickButton(NavigationTree.java:95)
at utilities.NavigationTree.clickButton(NavigationTree.java:95)
at utilities.NavigationTree.clickButton(NavigationTree.java:95)
at utilities.NavigationTree.clickButton(NavigationTree.java:95)
at utilities.NavigationTree.clickButton(NavigationTree.java:95)
at utilities.NavigationTree.clickButton(NavigationTree.java:95)
at utilities.NavigationTree.clickButton(NavigationTree.java:95)
at utilities.NavigationTree.clickButton(NavigationTree.java:95)
at utilities.NavigationTree.clickButton(NavigationTree.java:95)
at utilities.NavigationTree.clickButton(NavigationTree.java:95)
at utilities.NavigationTree.clickButton(NavigationTree.java:95)
at utilities.NavigationTree.clickButton(NavigationTree.java:95)
at utilities.NavigationTree.clickButton(NavigationTree.java:95)
at utilities.NavigationTree.clickButton(NavigationTree.java:95)
at utilities.NavigationTree.clickButton(NavigationTree.java:95)
at utilities.NavigationTree.clickButton(NavigationTree.java:95)
at utilities.NavigationTree.clickButton(NavigationTree.java:95)
at utilities.NavigationTree.clickButton(NavigationTree.java:95)
at utilities.NavigationTree.clickButton(NavigationTree.java:95)
at utilities.NavigationTree.clickButton(NavigationTree.java:95)
at utilities.NavigationTree.clickButton(NavigationTree.java:95)
at utilities.NavigationTree.clickButton(NavigationTree.java:95)
at utilities.NavigationTree.clickButton(NavigationTree.java:95)
at utilities.NavigationTree.clickButton(NavigationTree.java:95)
at utilities.NavigationTree.clickButton(NavigationTree.java:95)
at utilities.NavigationTree.clickButton(NavigationTree.java:95)
at utilities.NavigationTree.clickButton(NavigationTree.java:95)
at utilities.NavigationTree.clickButton(NavigationTree.java:95)
at utilities.NavigationTree.clickButton(NavigationTree.java:95)
at utilities.NavigationTree.clickButton(NavigationTree.java:95)
at utilities.NavigationTree.clickButton(NavigationTree.java:95)
at utilities.NavigationTree.clickButton(NavigationTree.java:95)
at utilities.NavigationTree.clickButton(NavigationTree.java:95)
at utilities.NavigationTree.clickButton(NavigationTree.java:95)
at utilities.NavigationTree.clickButton(NavigationTree.java:95)
at utilities.NavigationTree.clickButton(NavigationTree.java:95)
at utilities.NavigationTree.clickButton(NavigationTree.java:95)
at utilities.NavigationTree.clickButton(NavigationTree.java:95)
at utilities.NavigationTree.clickButton(NavigationTree.java:95)
at utilities.NavigationTree.clickButton(NavigationTree.java:95)
at utilities.NavigationTree.clickButton(NavigationTree.java:95)
at utilities.NavigationTree.clickButton(NavigationTree.java:95)
at utilities.NavigationTree.clickButton(NavigationTree.java:95)
at utilities.NavigationTree.clickButton(NavigationTree.java:95)
at utilities.NavigationTree.clickButton(NavigationTree.java:95)
at utilities.NavigationTree.clickButton(NavigationTree.java:95)
at utilities.NavigationTree.clickButton(NavigationTree.java:95)
at utilities.NavigationTree.clickButton(NavigationTree.java:95)
at utilities.NavigationTree.clickButton(NavigationTree.java:95)
at utilities.NavigationTree.clickButton(NavigationTree.java:95)
at utilities.NavigationTree.clickButton(NavigationTree.java:95)
at utilities.NavigationTree.clickButton(NavigationTree.java:95)
at utilities.NavigationTree.clickButton(NavigationTree.java:95)
at utilities.NavigationTree.clickButton(NavigationTree.java:95)
at utilities.NavigationTree.clickButton(NavigationTree.java:95)
at utilities.NavigationTree.clickButton(NavigationTree.java:95)
at utilities.NavigationTree.clickButton(NavigationTree.java:95)
at utilities.NavigationTree.clickButton(NavigationTree.java:95)
at utilities.NavigationTree.clickButton(NavigationTree.java:95)
at utilities.NavigationTree.clickButton(NavigationTree.java:95)
at utilities.NavigationTree.clickButton(NavigationTree.java:95)
at utilities.NavigationTree.clickButton(NavigationTree.java:95)
at utilities.NavigationTree.clickButton(NavigationTree.java:95)
at utilities.NavigationTree.clickButton(NavigationTree.java:95)
at utilities.NavigationTree.clickButton(NavigationTree.java:95)
at utilities.NavigationTree.clickButton(NavigationTree.java:95)
at utilities.NavigationTree.clickButton(NavigationTree.java:95)
at utilities.NavigationTree.clickButton(NavigationTree.java:95)
at utilities.NavigationTree.clickButton(NavigationTree.java:95)
at utilities.NavigationTree.clickButton(NavigationTree.java:95)
at utilities.NavigationTree.clickButton(NavigationTree.java:95)
at utilities.NavigationTree.clickButton(NavigationTree.java:95)
at utilities.NavigationTree.clickButton(NavigationTree.java:95)
at utilities.NavigationTree.clickButton(NavigationTree.java:95)
at utilities.NavigationTree.clickButton(NavigationTree.java:95)
at utilities.NavigationTree.clickButton(NavigationTree.java:95)
at utilities.NavigationTree.clickButton(NavigationTree.java:95)
at utilities.NavigationTree.clickButton(NavigationTree.java:95)
at utilities.NavigationTree.clickButton(NavigationTree.java:95)
at utilities.NavigationTree.clickButton(NavigationTree.java:95)
at utilities.NavigationTree.clickButton(NavigationTree.java:95)
at utilities.NavigationTree.clickButton(NavigationTree.java:95)
at utilities.NavigationTree.clickButton(NavigationTree.java:95)
at utilities.NavigationTree.clickButton(NavigationTree.java:95)
at utilities.NavigationTree.clickButton(NavigationTree.java:95)
at utilities.NavigationTree.clickButton(NavigationTree.java:95)
at utilities.NavigationTree.clickButton(NavigationTree.java:95)
at utilities.NavigationTree.clickButton(NavigationTree.java:95)
at utilities.NavigationTree.clickButton(NavigationTree.java:95)
at utilities.NavigationTree.clickButton(NavigationTree.java:95)
at utilities.NavigationTree.clickButton(NavigationTree.java:95)
at utilities.NavigationTree.clickButton(NavigationTree.java:95)
at utilities.NavigationTree.clickButton(NavigationTree.java:95)
at utilities.NavigationTree.clickButton(NavigationTree.java:95)
at utilities.NavigationTree.clickButton(NavigationTree.java:95)
at utilities.NavigationTree.clickButton(NavigationTree.java:95)
at utilities.NavigationTree.clickButton(NavigationTree.java:95)
at utilities.NavigationTree.clickButton(NavigationTree.java:95)
at utilities.NavigationTree.clickButton(NavigationTree.java:95)
at utilities.NavigationTree.clickButton(NavigationTree.java:95)
at utilities.NavigationTree.clickButton(NavigationTree.java:95)
at utilities.NavigationTree.clickButton(NavigationTree.java:95)
at utilities.NavigationTree.clickButton(NavigationTree.java:95)
at utilities.NavigationTree.clickButton(NavigationTree.java:95)
at utilities.NavigationTree.clickButton(NavigationTree.java:95)
at utilities.NavigationTree.clickButton(NavigationTree.java:95)
at utilities.NavigationTree.clickButton(NavigationTree.java:95)
at utilities.NavigationTree.clickButton(NavigationTree.java:95)
at utilities.NavigationTree.clickButton(NavigationTree.java:95)
at utilities.NavigationTree.clickButton(NavigationTree.java:95)
at utilities.NavigationTree.clickButton(NavigationTree.java:95)
at utilities.NavigationTree.clickButton(NavigationTree.java:95)
at utilities.NavigationTree.clickButton(NavigationTree.java:95)
at utilities.NavigationTree.clickButton(NavigationTree.java:95)
at utilities.NavigationTree.clickButton(NavigationTree.java:95)
at utilities.NavigationTree.clickButton(NavigationTree.java:95)
at utilities.NavigationTree.clickButton(NavigationTree.java:95)
at utilities.NavigationTree.clickButton(NavigationTree.java:95)
at utilities.NavigationTree.clickButton(NavigationTree.java:95)
at utilities.NavigationTree.clickButton(NavigationTree.java:95)
at utilities.NavigationTree.clickButton(NavigationTree.java:95)
at utilities.NavigationTree.clickButton(NavigationTree.java:95)
at utilities.NavigationTree.clickButton(NavigationTree.java:95)
at utilities.NavigationTree.clickButton(NavigationTree.java:95)
at utilities.NavigationTree.clickButton(NavigationTree.java:95)
at utilities.NavigationTree.clickButton(NavigationTree.java:95)
at utilities.NavigationTree.clickButton(NavigationTree.java:95)
at utilities.NavigationTree.clickButton(NavigationTree.java:95)
at utilities.NavigationTree.clickButton(NavigationTree.java:95)
at utilities.NavigationTree.clickButton(NavigationTree.java:95)
at utilities.NavigationTree.clickButton(NavigationTree.java:95)
at utilities.NavigationTree.clickButton(NavigationTree.java:95)
at utilities.NavigationTree.clickButton(NavigationTree.java:95)
at utilities.NavigationTree.clickButton(NavigationTree.java:95)
at utilities.NavigationTree.clickButton(NavigationTree.java:95)
at utilities.NavigationTree.clickButton(NavigationTree.java:95)
at utilities.NavigationTree.clickButton(NavigationTree.java:95)
at utilities.NavigationTree.clickButton(NavigationTree.java:95)
at utilities.NavigationTree.clickButton(NavigationTree.java:95)
at utilities.NavigationTree.clickButton(NavigationTree.java:95)
at utilities.NavigationTree.clickButton(NavigationTree.java:95)
at utilities.NavigationTree.clickButton(NavigationTree.java:95)
at utilities.NavigationTree.clickButton(NavigationTree.java:95)
at utilities.NavigationTree.clickButton(NavigationTree.java:95)
at utilities.NavigationTree.clickButton(NavigationTree.java:95)
at utilities.NavigationTree.clickButton(NavigationTree.java:95)
at utilities.NavigationTree.clickButton(NavigationTree.java:95)
at utilities.NavigationTree.clickButton(NavigationTree.java:95)
at utilities.NavigationTree.clickButton(NavigationTree.java:95)
at utilities.NavigationTree.clickButton(NavigationTree.java:95)
at utilities.NavigationTree.clickButton(NavigationTree.java:95)
at utilities.NavigationTree.clickButton(NavigationTree.java:95)
at utilities.NavigationTree.clickButton(NavigationTree.java:95)
at utilities.NavigationTree.clickButton(NavigationTree.java:95)
at utilities.NavigationTree.clickButton(NavigationTree.java:95)
at utilities.NavigationTree.clickButton(NavigationTree.java:95)
at utilities.NavigationTree.clickButton(NavigationTree.java:95)
at utilities.NavigationTree.clickButton(NavigationTree.java:95)
at utilities.NavigationTree.clickButton(NavigationTree.java:95)
at utilities.NavigationTree.clickButton(NavigationTree.java:95)
at utilities.NavigationTree.clickButton(NavigationTree.java:95)
at utilities.NavigationTree.clickButton(NavigationTree.java:95)
at utilities.NavigationTree.clickButton(NavigationTree.java:95)
at utilities.NavigationTree.clickButton(NavigationTree.java:95)
at utilities.NavigationTree.clickButton(NavigationTree.java:95)
at utilities.NavigationTree.clickButton(NavigationTree.java:95)
at utilities.NavigationTree.clickButton(NavigationTree.java:95)
at utilities.NavigationTree.clickButton(NavigationTree.java:95)
at utilities.NavigationTree.clickButton(NavigationTree.java:95)
at utilities.NavigationTree.clickButton(NavigationTree.java:95)
at utilities.NavigationTree.clickButton(NavigationTree.java:95)
at utilities.NavigationTree.clickButton(NavigationTree.java:95)
at utilities.NavigationTree.clickButton(NavigationTree.java:95)
at utilities.NavigationTree.clickButton(NavigationTree.java:95)
at utilities.NavigationTree.clickButton(NavigationTree.java:95)
at utilities.NavigationTree.clickButton(NavigationTree.java:95)
at utilities.NavigationTree.clickButton(NavigationTree.java:95)
at utilities.NavigationTree.clickButton(NavigationTree.java:95)
at utilities.NavigationTree.clickButton(NavigationTree.java:95)
at utilities.NavigationTree.clickButton(NavigationTree.java:95)
at utilities.NavigationTree.clickButton(NavigationTree.java:95)
at utilities.NavigationTree.clickButton(NavigationTree.java:95)
at utilities.NavigationTree.clickButton(NavigationTree.java:95)
at utilities.NavigationTree.clickButton(NavigationTree.java:95)
at utilities.NavigationTree.clickButton(NavigationTree.java:95)
at utilities.NavigationTree.clickButton(NavigationTree.java:95)
at utilities.NavigationTree.clickButton(NavigationTree.java:95)
at utilities.NavigationTree.clickButton(NavigationTree.java:95)
at utilities.NavigationTree.clickButton(NavigationTree.java:95)
at utilities.NavigationTree.clickButton(NavigationTree.java:95)
at utilities.NavigationTree.clickButton(NavigationTree.java:95)
at utilities.NavigationTree.clickButton(NavigationTree.java:95)
at utilities.NavigationTree.clickButton(NavigationTree.java:95)
at utilities.NavigationTree.clickButton(NavigationTree.java:95)
at utilities.NavigationTree.clickButton(NavigationTree.java:95)
at utilities.NavigationTree.clickButton(NavigationTree.java:95)
at utilities.NavigationTree.clickButton(NavigationTree.java:95)
at utilities.NavigationTree.clickButton(NavigationTree.java:95)
at utilities.NavigationTree.clickButton(NavigationTree.java:95)
at utilities.NavigationTree.clickButton(NavigationTree.java:95)
at utilities.NavigationTree.clickButton(NavigationTree.java:95)
at utilities.NavigationTree.clickButton(NavigationTree.java:95)
at utilities.NavigationTree.clickButton(NavigationTree.java:95)
at utilities.NavigationTree.clickButton(NavigationTree.java:95)
at utilities.NavigationTree.clickButton(NavigationTree.java:95)
at utilities.NavigationTree.clickButton(NavigationTree.java:95)
at utilities.NavigationTree.clickButton(NavigationTree.java:95)
at utilities.NavigationTree.clickButton(NavigationTree.java:95)
at utilities.NavigationTree.clickButton(NavigationTree.java:95)
at utilities.NavigationTree.clickButton(NavigationTree.java:95)
at utilities.NavigationTree.clickButton(NavigationTree.java:95)
at utilities.NavigationTree.clickButton(NavigationTree.java:95)
at utilities.NavigationTree.clickButton(NavigationTree.java:95)
at utilities.NavigationTree.clickButton(NavigationTree.java:95)
at utilities.NavigationTree.clickButton(NavigationTree.java:95)
at utilities.NavigationTree.clickButton(NavigationTree.java:95)
at utilities.NavigationTree.clickButton(NavigationTree.java:95)
at utilities.NavigationTree.clickButton(NavigationTree.java:95)
at utilities.NavigationTree.clickButton(NavigationTree.java:95)
at utilities.NavigationTree.clickButton(NavigationTree.java:95)
at utilities.NavigationTree.clickButton(NavigationTree.java:95)
at utilities.NavigationTree.clickButton(NavigationTree.java:95)
at utilities.NavigationTree.clickButton(NavigationTree.java:95)
at utilities.NavigationTree.clickButton(NavigationTree.java:95)
at utilities.NavigationTree.clickButton(NavigationTree.java:95)
at utilities.NavigationTree.clickButton(NavigationTree.java:95)
at utilities.NavigationTree.clickButton(NavigationTree.java:95)
at utilities.NavigationTree.clickButton(NavigationTree.java:95)
at utilities.NavigationTree.clickButton(NavigationTree.java:95)
at utilities.NavigationTree.clickButton(NavigationTree.java:95)
at utilities.NavigationTree.clickButton(NavigationTree.java:95)
at utilities.NavigationTree.clickButton(NavigationTree.java:95)
at utilities.NavigationTree.clickButton(NavigationTree.java:95)
at utilities.NavigationTree.clickButton(NavigationTree.java:95)
at utilities.NavigationTree.clickButton(NavigationTree.java:95)
at utilities.NavigationTree.clickButton(NavigationTree.java:95)
at utilities.NavigationTree.clickButton(NavigationTree.java:95)
at utilities.NavigationTree.clickButton(NavigationTree.java:95)
at utilities.NavigationTree.clickButton(NavigationTree.java:95)
at utilities.NavigationTree.clickButton(NavigationTree.java:95)
at utilities.NavigationTree.clickButton(NavigationTree.java:95)
at utilities.NavigationTree.clickButton(NavigationTree.java:95)
at utilities.NavigationTree.clickButton(NavigationTree.java:95)
at utilities.NavigationTree.clickButton(NavigationTree.java:95)
at utilities.NavigationTree.clickButton(NavigationTree.java:95)
at utilities.NavigationTree.clickButton(NavigationTree.java:95)
at utilities.NavigationTree.clickButton(NavigationTree.java:95)
at utilities.NavigationTree.clickButton(NavigationTree.java:95)
at utilities.NavigationTree.clickButton(NavigationTree.java:95)
at utilities.NavigationTree.clickButton(NavigationTree.java:95)
at utilities.NavigationTree.clickButton(NavigationTree.java:95)
at utilities.NavigationTree.clickButton(NavigationTree.java:95)
at utilities.NavigationTree.clickButton(NavigationTree.java:95)
at utilities.NavigationTree.clickButton(NavigationTree.java:95)
at utilities.NavigationTree.clickButton(NavigationTree.java:95)
at utilities.NavigationTree.clickButton(NavigationTree.java:95)
at utilities.NavigationTree.clickButton(NavigationTree.java:95)
at utilities.NavigationTree.clickButton(NavigationTree.java:95)
at utilities.NavigationTree.clickButton(NavigationTree.java:95)
at utilities.NavigationTree.clickButton(NavigationTree.java:95)
at utilities.NavigationTree.clickButton(NavigationTree.java:95)
at utilities.NavigationTree.clickButton(NavigationTree.java:95)
at utilities.NavigationTree.clickButton(NavigationTree.java:95)
at utilities.NavigationTree.clickButton(NavigationTree.java:95)
at utilities.NavigationTree.clickButton(NavigationTree.java:95)
at utilities.NavigationTree.clickButton(NavigationTree.java:95)
at utilities.NavigationTree.clickButton(NavigationTree.java:95)
at utilities.NavigationTree.clickButton(NavigationTree.java:95)
at utilities.NavigationTree.clickButton(NavigationTree.java:95)
at utilities.NavigationTree.clickButton(NavigationTree.java:95)
at utilities.NavigationTree.clickButton(NavigationTree.java:95)
at utilities.NavigationTree.clickButton(NavigationTree.java:95)
at utilities.NavigationTree.clickButton(NavigationTree.java:95)
at utilities.NavigationTree.clickButton(NavigationTree.java:95)
at utilities.NavigationTree.clickButton(NavigationTree.java:95)
at utilities.NavigationTree.clickButton(NavigationTree.java:95)
at utilities.NavigationTree.clickButton(NavigationTree.java:95)
at utilities.NavigationTree.clickButton(NavigationTree.java:95)
at utilities.NavigationTree.clickButton(NavigationTree.java:95)
at utilities.NavigationTree.clickButton(NavigationTree.java:95)
at utilities.NavigationTree.clickButton(NavigationTree.java:95)
at utilities.NavigationTree.clickButton(NavigationTree.java:95)
at utilities.NavigationTree.clickButton(NavigationTree.java:95)
at utilities.NavigationTree.clickButton(NavigationTree.java:95)
at utilities.NavigationTree.clickButton(NavigationTree.java:95)
at utilities.NavigationTree.clickButton(NavigationTree.java:95)
at utilities.NavigationTree.clickButton(NavigationTree.java:95)
at utilities.NavigationTree.clickButton(NavigationTree.java:95)
at utilities.NavigationTree.clickButton(NavigationTree.java:95)
at utilities.NavigationTree.clickButton(NavigationTree.java:95)
at utilities.NavigationTree.clickButton(NavigationTree.java:95)
at utilities.NavigationTree.clickButton(NavigationTree.java:95)
at utilities.NavigationTree.clickButton(NavigationTree.java:95)
at utilities.NavigationTree.clickButton(NavigationTree.java:95)
at utilities.NavigationTree.clickButton(NavigationTree.java:95)
at utilities.NavigationTree.clickButton(NavigationTree.java:95)
at utilities.NavigationTree.clickButton(NavigationTree.java:95)
at utilities.NavigationTree.clickButton(NavigationTree.java:95)
at utilities.NavigationTree.clickButton(NavigationTree.java:95)
at utilities.NavigationTree.clickButton(NavigationTree.java:95)
at utilities.NavigationTree.clickButton(NavigationTree.java:95)
at utilities.NavigationTree.clickButton(NavigationTree.java:95)
at utilities.NavigationTree.clickButton(NavigationTree.java:95)
at utilities.NavigationTree.clickButton(NavigationTree.java:95)
at utilities.NavigationTree.clickButton(NavigationTree.java:95)
at utilities.NavigationTree.clickButton(NavigationTree.java:95)
at utilities.NavigationTree.clickButton(NavigationTree.java:95)
at utilities.NavigationTree.clickButton(NavigationTree.java:95)
at utilities.NavigationTree.clickButton(NavigationTree.java:95)
at utilities.NavigationTree.clickButton(NavigationTree.java:95)
at utilities.NavigationTree.clickButton(NavigationTree.java:95)
at utilities.NavigationTree.clickButton(NavigationTree.java:95)
at utilities.NavigationTree.clickButton(NavigationTree.java:95)
at utilities.NavigationTree.clickButton(NavigationTree.java:95)
at utilities.NavigationTree.clickButton(NavigationTree.java:95)
at utilities.NavigationTree.clickButton(NavigationTree.java:95)
at utilities.NavigationTree.clickButton(NavigationTree.java:95)
at utilities.NavigationTree.clickButton(NavigationTree.java:95)
at utilities.NavigationTree.clickButton(NavigationTree.java:95)
at utilities.NavigationTree.clickButton(NavigationTree.java:95)
at utilities.NavigationTree.clickButton(NavigationTree.java:95)
at utilities.NavigationTree.clickButton(NavigationTree.java:95)
at utilities.NavigationTree.clickButton(NavigationTree.java:95)
at utilities.NavigationTree.clickButton(NavigationTree.java:95)
at utilities.NavigationTree.clickButton(NavigationTree.java:95)
at utilities.NavigationTree.clickButton(NavigationTree.java:95)
at utilities.NavigationTree.clickButton(NavigationTree.java:95)
at utilities.NavigationTree.clickButton(NavigationTree.java:95)
at utilities.NavigationTree.clickButton(NavigationTree.java:95)
at utilities.NavigationTree.clickButton(NavigationTree.java:95)
at utilities.NavigationTree.clickButton(NavigationTree.java:95)
at utilities.NavigationTree.clickButton(NavigationTree.java:95)
at utilities.NavigationTree.clickButton(NavigationTree.java:95)
at utilities.NavigationTree.clickButton(NavigationTree.java:95)
at utilities.NavigationTree.clickButton(NavigationTree.java:95)
at utilities.NavigationTree.clickButton(NavigationTree.java:95)
at utilities.NavigationTree.clickButton(NavigationTree.java:95)
at utilities.NavigationTree.clickButton(NavigationTree.java:95)
at utilities.NavigationTree.clickButton(NavigationTree.java:95)
at utilities.NavigationTree.clickButton(NavigationTree.java:95)
at utilities.NavigationTree.clickButton(NavigationTree.java:95)
at utilities.NavigationTree.clickButton(NavigationTree.java:95)
at utilities.NavigationTree.clickButton(NavigationTree.java:95)
at utilities.NavigationTree.clickButton(NavigationTree.java:95)
at utilities.NavigationTree.clickButton(NavigationTree.java:95)
at utilities.NavigationTree.clickButton(NavigationTree.java:95)
at utilities.NavigationTree.clickButton(NavigationTree.java:95)
at utilities.NavigationTree.clickButton(NavigationTree.java:95)
at utilities.NavigationTree.clickButton(NavigationTree.java:95)
at utilities.NavigationTree.clickButton(NavigationTree.java:95)
at utilities.NavigationTree.clickButton(NavigationTree.java:95)
at utilities.NavigationTree.clickButton(NavigationTree.java:95)
at utilities.NavigationTree.clickButton(NavigationTree.java:95)
at utilities.NavigationTree.clickButton(NavigationTree.java:95)
at utilities.NavigationTree.clickButton(NavigationTree.java:95)
at utilities.NavigationTree.clickButton(NavigationTree.java:95)
at utilities.NavigationTree.clickButton(NavigationTree.java:95)
at utilities.NavigationTree.clickButton(NavigationTree.java:95)
at utilities.NavigationTree.clickButton(NavigationTree.java:95)
at utilities.NavigationTree.clickButton(NavigationTree.java:95)
at utilities.NavigationTree.clickButton(NavigationTree.java:95)
at utilities.NavigationTree.clickButton(NavigationTree.java:95)
at utilities.NavigationTree.clickButton(NavigationTree.java:95)
at utilities.NavigationTree.clickButton(NavigationTree.java:95)
at utilities.NavigationTree.clickButton(NavigationTree.java:95)
at utilities.NavigationTree.clickButton(NavigationTree.java:95)
at utilities.NavigationTree.clickButton(NavigationTree.java:95)
at utilities.NavigationTree.clickButton(NavigationTree.java:95)
at utilities.NavigationTree.clickButton(NavigationTree.java:95)
at utilities.NavigationTree.clickButton(NavigationTree.java:95)
at utilities.NavigationTree.clickButton(NavigationTree.java:95)
at utilities.NavigationTree.clickButton(NavigationTree.java:95)
at utilities.NavigationTree.clickButton(NavigationTree.java:95)
at utilities.NavigationTree.clickButton(NavigationTree.java:95)
at utilities.NavigationTree.clickButton(NavigationTree.java:95)
at utilities.NavigationTree.clickButton(NavigationTree.java:95)
at utilities.NavigationTree.clickButton(NavigationTree.java:95)
at utilities.NavigationTree.clickButton(NavigationTree.java:95)
at utilities.NavigationTree.clickButton(NavigationTree.java:95)
at utilities.NavigationTree.clickButton(NavigationTree.java:95)
at utilities.NavigationTree.clickButton(NavigationTree.java:95)
at utilities.NavigationTree.clickButton(NavigationTree.java:95)
at utilities.NavigationTree.clickButton(NavigationTree.java:95)
at utilities.NavigationTree.clickButton(NavigationTree.java:95)
at utilities.NavigationTree.clickButton(NavigationTree.java:95)
at utilities.NavigationTree.clickButton(NavigationTree.java:95)
at utilities.NavigationTree.clickButton(NavigationTree.java:95)
at utilities.NavigationTree.clickButton(NavigationTree.java:95)
at utilities.NavigationTree.clickButton(NavigationTree.java:95)
at utilities.NavigationTree.clickButton(NavigationTree.java:95)
at utilities.NavigationTree.clickButton(NavigationTree.java:95)
at utilities.NavigationTree.clickButton(NavigationTree.java:95)
at utilities.NavigationTree.clickButton(NavigationTree.java:95)
at utilities.NavigationTree.clickButton(NavigationTree.java:95)
at utilities.NavigationTree.clickButton(NavigationTree.java:95)
at utilities.NavigationTree.clickButton(NavigationTree.java:95)
at utilities.NavigationTree.clickButton(NavigationTree.java:95)
at utilities.NavigationTree.clickButton(NavigationTree.java:95)
at utilities.NavigationTree.clickButton(NavigationTree.java:95)
at utilities.NavigationTree.clickButton(NavigationTree.java:95)
at utilities.NavigationTree.clickButton(NavigationTree.java:95)
at utilities.NavigationTree.clickButton(NavigationTree.java:95)
at utilities.NavigationTree.clickButton(NavigationTree.java:95)
at utilities.NavigationTree.clickButton(NavigationTree.java:95)
at utilities.NavigationTree.clickButton(NavigationTree.java:95)
at utilities.NavigationTree.clickButton(NavigationTree.java:95)
at utilities.NavigationTree.clickButton(NavigationTree.java:95)
at utilities.NavigationTree.clickButton(NavigationTree.java:95)
at utilities.NavigationTree.clickButton(NavigationTree.java:95)
at utilities.NavigationTree.clickButton(NavigationTree.java:95)
at utilities.NavigationTree.clickButton(NavigationTree.java:95)
at utilities.NavigationTree.clickButton(NavigationTree.java:95)
at utilities.NavigationTree.clickButton(NavigationTree.java:95)
at utilities.NavigationTree.clickButton(NavigationTree.java:95)
at utilities.NavigationTree.clickButton(NavigationTree.java:95)
at utilities.NavigationTree.clickButton(NavigationTree.java:95)
at utilities.NavigationTree.clickButton(NavigationTree.java:95)
at utilities.NavigationTree.clickButton(NavigationTree.java:95)
at utilities.NavigationTree.clickButton(NavigationTree.java:95)
at utilities.NavigationTree.clickButton(NavigationTree.java:95)
at utilities.NavigationTree.clickButton(NavigationTree.java:95)
at utilities.NavigationTree.clickButton(NavigationTree.java:95)
at utilities.NavigationTree.clickButton(NavigationTree.java:95)
at utilities.NavigationTree.clickButton(NavigationTree.java:95)
at utilities.NavigationTree.clickButton(NavigationTree.java:95)
at utilities.NavigationTree.clickButton(NavigationTree.java:95)
at utilities.NavigationTree.clickButton(NavigationTree.java:95)
at utilities.NavigationTree.clickButton(NavigationTree.java:95)
at utilities.NavigationTree.clickButton(NavigationTree.java:95)
at utilities.NavigationTree.clickButton(NavigationTree.java:95)
at utilities.NavigationTree.clickButton(NavigationTree.java:95)
at utilities.NavigationTree.clickButton(NavigationTree.java:95)
at utilities.NavigationTree.clickButton(NavigationTree.java:95)
at utilities.NavigationTree.clickButton(NavigationTree.java:95)
at utilities.NavigationTree.clickButton(NavigationTree.java:95)
at utilities.NavigationTree.clickButton(NavigationTree.java:95)
at utilities.NavigationTree.clickButton(NavigationTree.java:95)
at utilities.NavigationTree.clickButton(NavigationTree.java:95)
at utilities.NavigationTree.clickButton(NavigationTree.java:95)
at utilities.NavigationTree.clickButton(NavigationTree.java:95)
at utilities.NavigationTree.clickButton(NavigationTree.java:95)
at utilities.NavigationTree.clickButton(NavigationTree.java:95)
at utilities.NavigationTree.clickButton(NavigationTree.java:95)
at utilities.NavigationTree.clickButton(NavigationTree.java:95)
at utilities.NavigationTree.clickButton(NavigationTree.java:95)
at utilities.NavigationTree.clickButton(NavigationTree.java:95)
at utilities.NavigationTree.clickButton(NavigationTree.java:95)
at utilities.NavigationTree.clickButton(NavigationTree.java:95)
at utilities.NavigationTree.clickButton(NavigationTree.java:95)
at utilities.NavigationTree.clickButton(NavigationTree.java:95)
at utilities.NavigationTree.clickButton(NavigationTree.java:95)
at utilities.NavigationTree.clickButton(NavigationTree.java:95)
at utilities.NavigationTree.clickButton(NavigationTree.java:95)
at utilities.NavigationTree.clickButton(NavigationTree.java:95)
at utilities.NavigationTree.clickButton(NavigationTree.java:95)
at utilities.NavigationTree.clickButton(NavigationTree.java:95)
at utilities.NavigationTree.clickButton(NavigationTree.java:95)
at utilities.NavigationTree.clickButton(NavigationTree.java:95)
at utilities.NavigationTree.clickButton(NavigationTree.java:95)
at utilities.NavigationTree.clickButton(NavigationTree.java:95)
at utilities.NavigationTree.clickButton(NavigationTree.java:95)
at utilities.NavigationTree.clickButton(NavigationTree.java:95)
at utilities.NavigationTree.clickButton(NavigationTree.java:95)
at utilities.NavigationTree.clickButton(NavigationTree.java:95)
at utilities.NavigationTree.clickButton(NavigationTree.java:95)
at utilities.NavigationTree.clickButton(NavigationTree.java:95)
at utilities.NavigationTree.clickButton(NavigationTree.java:95)
at utilities.NavigationTree.clickButton(NavigationTree.java:95)
at utilities.NavigationTree.clickButton(NavigationTree.java:95)
at utilities.NavigationTree.clickButton(NavigationTree.java:95)
at utilities.NavigationTree.clickButton(NavigationTree.java:95)
at utilities.NavigationTree.clickButton(NavigationTree.java:95)
at utilities.NavigationTree.clickButton(NavigationTree.java:95)
at utilities.NavigationTree.clickButton(NavigationTree.java:95)
at utilities.NavigationTree.clickButton(NavigationTree.java:95)
at utilities.NavigationTree.clickButton(NavigationTree.java:95)
at utilities.NavigationTree.clickButton(NavigationTree.java:95)
at utilities.NavigationTree.clickButton(NavigationTree.java:95)
at utilities.NavigationTree.clickButton(NavigationTree.java:95)
at utilities.NavigationTree.clickButton(NavigationTree.java:95)
at utilities.NavigationTree.clickButton(NavigationTree.java:95)
at utilities.NavigationTree.clickButton(NavigationTree.java:95)
at utilities.NavigationTree.clickButton(NavigationTree.java:95)
at utilities.NavigationTree.clickButton(NavigationTree.java:95)
at utilities.NavigationTree.clickButton(NavigationTree.java:95)
at utilities.NavigationTree.clickButton(NavigationTree.java:95)
at utilities.NavigationTree.clickButton(NavigationTree.java:95)
at utilities.NavigationTree.clickButton(NavigationTree.java:95)
at utilities.NavigationTree.clickButton(NavigationTree.java:95)
at utilities.NavigationTree.clickButton(NavigationTree.java:95)
at utilities.NavigationTree.clickButton(NavigationTree.java:95)
at utilities.NavigationTree.clickButton(NavigationTree.java:95)
at utilities.NavigationTree.clickButton(NavigationTree.java:95)
at utilities.NavigationTree.clickButton(NavigationTree.java:95)
at utilities.NavigationTree.clickButton(NavigationTree.java:95)
at utilities.NavigationTree.clickButton(NavigationTree.java:95)
at utilities.NavigationTree.clickButton(NavigationTree.java:95)
at utilities.NavigationTree.clickButton(NavigationTree.java:95)
at utilities.NavigationTree.clickButton(NavigationTree.java:95)
at utilities.NavigationTree.clickButton(NavigationTree.java:95)
at utilities.NavigationTree.clickButton(NavigationTree.java:95)
at utilities.NavigationTree.clickButton(NavigationTree.java:95)
at utilities.NavigationTree.clickButton(NavigationTree.java:95)
at utilities.NavigationTree.clickButton(NavigationTree.java:95)
at utilities.NavigationTree.clickButton(NavigationTree.java:95)
at utilities.NavigationTree.clickButton(NavigationTree.java:95)
at utilities.NavigationTree.clickButton(NavigationTree.java:95)
at utilities.NavigationTree.clickButton(NavigationTree.java:95)
at utilities.NavigationTree.clickButton(NavigationTree.java:95)
at utilities.NavigationTree.clickButton(NavigationTree.java:95)
at utilities.NavigationTree.clickButton(NavigationTree.java:95)
at utilities.NavigationTree.clickButton(NavigationTree.java:95)
at utilities.NavigationTree.clickButton(NavigationTree.java:95)
at utilities.NavigationTree.clickButton(NavigationTree.java:95)
at utilities.NavigationTree.clickButton(NavigationTree.java:95)
at utilities.NavigationTree.clickButton(NavigationTree.java:95)
at utilities.NavigationTree.clickButton(NavigationTree.java:95)
at utilities.NavigationTree.clickButton(NavigationTree.java:95)
at utilities.NavigationTree.clickButton(NavigationTree.java:95)
at utilities.NavigationTree.clickButton(NavigationTree.java:95)
at utilities.NavigationTree.clickButton(NavigationTree.java:95)
at utilities.NavigationTree.clickButton(NavigationTree.java:95)
at utilities.NavigationTree.clickButton(NavigationTree.java:95)
at utilities.NavigationTree.clickButton(NavigationTree.java:95)
at utilities.NavigationTree.clickButton(NavigationTree.java:95)
at utilities.NavigationTree.clickButton(NavigationTree.java:95)
at utilities.NavigationTree.clickButton(NavigationTree.java:95)
at utilities.NavigationTree.clickButton(NavigationTree.java:95)
at utilities.NavigationTree.clickButton(NavigationTree.java:95)
at utilities.NavigationTree.clickButton(NavigationTree.java:95)
at utilities.NavigationTree.clickButton(NavigationTree.java:95)
at utilities.NavigationTree.clickButton(NavigationTree.java:95)
at utilities.NavigationTree.clickButton(NavigationTree.java:95)
at utilities.NavigationTree.clickButton(NavigationTree.java:95)
at utilities.NavigationTree.clickButton(NavigationTree.java:95)
at utilities.NavigationTree.clickButton(NavigationTree.java:95)
at utilities.NavigationTree.clickButton(NavigationTree.java:95)
at utilities.NavigationTree.clickButton(NavigationTree.java:95)
at utilities.NavigationTree.clickButton(NavigationTree.java:95)
at utilities.NavigationTree.clickButton(NavigationTree.java:95)
at utilities.NavigationTree.clickButton(NavigationTree.java:95)
at utilities.NavigationTree.clickButton(NavigationTree.java:95)
at utilities.NavigationTree.clickButton(NavigationTree.java:95)
at utilities.NavigationTree.clickButton(NavigationTree.java:95)
at utilities.NavigationTree.clickButton(NavigationTree.java:95)
at utilities.NavigationTree.clickButton(NavigationTree.java:95)
at utilities.NavigationTree.clickButton(NavigationTree.java:95)
at utilities.NavigationTree.clickButton(NavigationTree.java:95)
at utilities.NavigationTree.clickButton(NavigationTree.java:95)
at utilities.NavigationTree.clickButton(NavigationTree.java:95)
at utilities.NavigationTree.clickButton(NavigationTree.java:95)
at utilities.NavigationTree.clickButton(NavigationTree.java:95)
at utilities.NavigationTree.clickButton(NavigationTree.java:95)
at utilities.NavigationTree.clickButton(NavigationTree.java:95)
at utilities.NavigationTree.clickButton(NavigationTree.java:95)
at utilities.NavigationTree.clickButton(NavigationTree.java:95)
at utilities.NavigationTree.clickButton(NavigationTree.java:95)
at utilities.NavigationTree.clickButton(NavigationTree.java:95)
at utilities.NavigationTree.clickButton(NavigationTree.java:95)
at utilities.NavigationTree.clickButton(NavigationTree.java:95)
at utilities.NavigationTree.clickButton(NavigationTree.java:95)
at utilities.NavigationTree.clickButton(NavigationTree.java:95)
at utilities.NavigationTree.clickButton(NavigationTree.java:95)
at utilities.NavigationTree.clickButton(NavigationTree.java:95)
at utilities.NavigationTree.clickButton(NavigationTree.java:95)
at utilities.NavigationTree.clickButton(NavigationTree.java:95)
at utilities.NavigationTree.clickButton(NavigationTree.java:95)
at utilities.NavigationTree.clickButton(NavigationTree.java:95)
at utilities.NavigationTree.clickButton(NavigationTree.java:95)
at utilities.NavigationTree.clickButton(NavigationTree.java:95)
at utilities.NavigationTree.clickButton(NavigationTree.java:95)
at utilities.NavigationTree.clickButton(NavigationTree.java:95)
at utilities.NavigationTree.clickButton(NavigationTree.java:95)
at utilities.NavigationTree.clickButton(NavigationTree.java:95)
at utilities.NavigationTree.clickButton(NavigationTree.java:95)
at utilities.NavigationTree.clickButton(NavigationTree.java:95)
at utilities.NavigationTree.clickButton(NavigationTree.java:95)
at utilities.NavigationTree.clickButton(NavigationTree.java:95)
at utilities.NavigationTree.clickButton(NavigationTree.java:95)
at utilities.NavigationTree.clickButton(NavigationTree.java:95)
at utilities.NavigationTree.clickButton(NavigationTree.java:95)
at utilities.NavigationTree.clickButton(NavigationTree.java:95)
at utilities.NavigationTree.clickButton(NavigationTree.java:95)
at utilities.NavigationTree.clickButton(NavigationTree.java:95)
at utilities.NavigationTree.clickButton(NavigationTree.java:95)
at utilities.NavigationTree.clickButton(NavigationTree.java:95)
at utilities.NavigationTree.clickButton(NavigationTree.java:95)
at utilities.NavigationTree.clickButton(NavigationTree.java:95)
at utilities.NavigationTree.clickButton(NavigationTree.java:95)
at utilities.NavigationTree.clickButton(NavigationTree.java:95)
at utilities.NavigationTree.clickButton(NavigationTree.java:95)
at utilities.NavigationTree.clickButton(NavigationTree.java:95)
at utilities.NavigationTree.clickButton(NavigationTree.java:95)
at utilities.NavigationTree.clickButton(NavigationTree.java:95)
at utilities.NavigationTree.clickButton(NavigationTree.java:95)
at utilities.NavigationTree.clickButton(NavigationTree.java:95)
at utilities.NavigationTree.clickButton(NavigationTree.java:95)
at utilities.NavigationTree.clickButton(NavigationTree.java:95)
at utilities.NavigationTree.clickButton(NavigationTree.java:95)
at utilities.NavigationTree.clickButton(NavigationTree.java:95)
at utilities.NavigationTree.clickButton(NavigationTree.java:95)
at utilities.NavigationTree.clickButton(NavigationTree.java:95)
at utilities.NavigationTree.clickButton(NavigationTree.java:95)
at utilities.NavigationTree.clickButton(NavigationTree.java:95)
at utilities.NavigationTree.clickButton(NavigationTree.java:95)
at utilities.NavigationTree.clickButton(NavigationTree.java:95)
at utilities.NavigationTree.clickButton(NavigationTree.java:95)
at utilities.NavigationTree.clickButton(NavigationTree.java:95)
at utilities.NavigationTree.clickButton(NavigationTree.java:95)
at utilities.NavigationTree.clickButton(NavigationTree.java:95)
at utilities.NavigationTree.clickButton(NavigationTree.java:95)
at utilities.NavigationTree.clickButton(NavigationTree.java:95)
at utilities.NavigationTree.clickButton(NavigationTree.java:95)
at utilities.NavigationTree.clickButton(NavigationTree.java:95)
at utilities.NavigationTree.clickButton(NavigationTree.java:95)
at utilities.NavigationTree.clickButton(NavigationTree.java:95)
at utilities.NavigationTree.clickButton(NavigationTree.java:95)
at utilities.NavigationTree.clickButton(NavigationTree.java:95)
at utilities.NavigationTree.clickButton(NavigationTree.java:95)
at utilities.NavigationTree.clickButton(NavigationTree.java:95)
at utilities.NavigationTree.clickButton(NavigationTree.java:95)
at utilities.NavigationTree.clickButton(NavigationTree.java:95)
at utilities.NavigationTree.clickButton(NavigationTree.java:95)
at utilities.NavigationTree.clickButton(NavigationTree.java:95)
at utilities.NavigationTree.clickButton(NavigationTree.java:95)
at utilities.NavigationTree.clickButton(NavigationTree.java:95)
at utilities.NavigationTree.clickButton(NavigationTree.java:95)
at utilities.NavigationTree.clickButton(NavigationTree.java:95)
at utilities.NavigationTree.clickButton(NavigationTree.java:95)
at utilities.NavigationTree.clickButton(NavigationTree.java:95)
at utilities.NavigationTree.clickButton(NavigationTree.java:95)
at utilities.NavigationTree.clickButton(NavigationTree.java:95)
at utilities.NavigationTree.clickButton(NavigationTree.java:95)
at utilities.NavigationTree.clickButton(NavigationTree.java:95)
at utilities.NavigationTree.clickButton(NavigationTree.java:95)
at utilities.NavigationTree.clickButton(NavigationTree.java:95)
at utilities.NavigationTree.clickButton(NavigationTree.java:95)
at utilities.NavigationTree.clickButton(NavigationTree.java:95)
at utilities.NavigationTree.clickButton(NavigationTree.java:95)
at utilities.NavigationTree.clickButton(NavigationTree.java:95)
at utilities.NavigationTree.clickButton(NavigationTree.java:95)
at utilities.NavigationTree.clickButton(NavigationTree.java:95)
at utilities.NavigationTree.clickButton(NavigationTree.java:95)
at utilities.NavigationTree.clickButton(NavigationTree.java:95)
at utilities.NavigationTree.clickButton(NavigationTree.java:95)
at utilities.NavigationTree.clickButton(NavigationTree.java:95)
at utilities.NavigationTree.clickButton(NavigationTree.java:95)
at utilities.NavigationTree.clickButton(NavigationTree.java:95)
at utilities.NavigationTree.clickButton(NavigationTree.java:95)
at utilities.NavigationTree.clickButton(NavigationTree.java:95)
at utilities.NavigationTree.clickButton(NavigationTree.java:95)
at utilities.NavigationTree.clickButton(NavigationTree.java:95)
at utilities.NavigationTree.clickButton(NavigationTree.java:95)
at utilities.NavigationTree.clickButton(NavigationTree.java:95)
at utilities.NavigationTree.clickButton(NavigationTree.java:95)
at utilities.NavigationTree.clickButton(NavigationTree.java:95)
at utilities.NavigationTree.clickButton(NavigationTree.java:95)
at utilities.NavigationTree.clickButton(NavigationTree.java:95)
at utilities.NavigationTree.clickButton(NavigationTree.java:95)
at utilities.NavigationTree.clickButton(NavigationTree.java:95)
at utilities.NavigationTree.clickButton(NavigationTree.java:95)
at utilities.NavigationTree.clickButton(NavigationTree.java:95)
at utilities.NavigationTree.clickButton(NavigationTree.java:95)
at utilities.NavigationTree.clickButton(NavigationTree.java:95)
at utilities.NavigationTree.clickButton(NavigationTree.java:95)
at utilities.NavigationTree.clickButton(NavigationTree.java:95)
at utilities.NavigationTree.clickButton(NavigationTree.java:95)
at utilities.NavigationTree.clickButton(NavigationTree.java:95)
at utilities.NavigationTree.clickButton(NavigationTree.java:95)
at utilities.NavigationTree.clickButton(NavigationTree.java:95)
at utilities.NavigationTree.clickButton(NavigationTree.java:95)
at utilities.NavigationTree.clickButton(NavigationTree.java:95)
at utilities.NavigationTree.clickButton(NavigationTree.java:95)
at utilities.NavigationTree.clickButton(NavigationTree.java:95)
at utilities.NavigationTree.clickButton(NavigationTree.java:95)
at utilities.NavigationTree.clickButton(NavigationTree.java:95)
at utilities.NavigationTree.clickButton(NavigationTree.java:95)
at utilities.NavigationTree.clickButton(NavigationTree.java:95)
at utilities.NavigationTree.clickButton(NavigationTree.java:95)
at utilities.NavigationTree.clickButton(NavigationTree.java:95)
at utilities.NavigationTree.clickButton(NavigationTree.java:95)
at utilities.NavigationTree.clickButton(NavigationTree.java:95)
at utilities.NavigationTree.clickButton(NavigationTree.java:95)
at utilities.NavigationTree.clickButton(NavigationTree.java:95)
at utilities.NavigationTree.clickButton(NavigationTree.java:95)
at utilities.NavigationTree.clickButton(NavigationTree.java:95)
at utilities.NavigationTree.clickButton(NavigationTree.java:95)
at utilities.NavigationTree.clickButton(NavigationTree.java:95)
at utilities.NavigationTree.clickButton(NavigationTree.java:95)
at utilities.NavigationTree.clickButton(NavigationTree.java:95)
at utilities.NavigationTree.clickButton(NavigationTree.java:95)
at utilities.NavigationTree.clickButton(NavigationTree.java:95)
at utilities.NavigationTree.clickButton(NavigationTree.java:95)
at utilities.NavigationTree.clickButton(NavigationTree.java:95)
at utilities.NavigationTree.clickButton(NavigationTree.java:95)
at utilities.NavigationTree.clickButton(NavigationTree.java:95)
at utilities.NavigationTree.clickButton(NavigationTree.java:95)
at utilities.NavigationTree.clickButton(NavigationTree.java:95)
at utilities.NavigationTree.clickButton(NavigationTree.java:95)
at utilities.NavigationTree.clickButton(NavigationTree.java:95)
at utilities.NavigationTree.clickButton(NavigationTree.java:95)
at utilities.NavigationTree.clickButton(NavigationTree.java:95)
at utilities.NavigationTree.clickButton(NavigationTree.java:95)
at utilities.NavigationTree.clickButton(NavigationTree.java:95)
at utilities.NavigationTree.clickButton(NavigationTree.java:95)
at utilities.NavigationTree.clickButton(NavigationTree.java:95)
at utilities.NavigationTree.clickButton(NavigationTree.java:95)
at utilities.NavigationTree.clickButton(NavigationTree.java:95)
at utilities.NavigationTree.clickButton(NavigationTree.java:95)
at utilities.NavigationTree.clickButton(NavigationTree.java:95)
at utilities.NavigationTree.clickButton(NavigationTree.java:95)
at utilities.NavigationTree.clickButton(NavigationTree.java:95)
at utilities.NavigationTree.clickButton(NavigationTree.java:95)
at utilities.NavigationTree.clickButton(NavigationTree.java:95)
at utilities.NavigationTree.clickButton(NavigationTree.java:95)
at utilities.NavigationTree.clickButton(NavigationTree.java:95)
at utilities.NavigationTree.clickButton(NavigationTree.java:95)
at utilities.NavigationTree.clickButton(NavigationTree.java:95)
at utilities.NavigationTree.clickButton(NavigationTree.java:95)
at utilities.NavigationTree.clickButton(NavigationTree.java:95)
at utilities.NavigationTree.clickButton(NavigationTree.java:95)
at utilities.NavigationTree.clickButton(NavigationTree.java:95)
at utilities.NavigationTree.clickButton(NavigationTree.java:95)
at utilities.NavigationTree.clickButton(NavigationTree.java:95)
at utilities.NavigationTree.clickButton(NavigationTree.java:95)
at utilities.NavigationTree.clickButton(NavigationTree.java:95)
at utilities.NavigationTree.clickButton(NavigationTree.java:95)
at utilities.NavigationTree.clickButton(NavigationTree.java:95)
at utilities.NavigationTree.clickButton(NavigationTree.java:95)
at utilities.NavigationTree.clickButton(NavigationTree.java:95)
at utilities.NavigationTree.clickButton(NavigationTree.java:95)
at utilities.NavigationTree.clickButton(NavigationTree.java:95)
at utilities.NavigationTree.clickButton(NavigationTree.java:95)
at utilities.NavigationTree.clickButton(NavigationTree.java:95)
at utilities.NavigationTree.clickButton(NavigationTree.java:95)
at utilities.NavigationTree.clickButton(NavigationTree.java:95)
at utilities.NavigationTree.clickButton(NavigationTree.java:95)
at utilities.NavigationTree.clickButton(NavigationTree.java:95)
at utilities.NavigationTree.clickButton(NavigationTree.java:95)
at utilities.NavigationTree.clickButton(NavigationTree.java:95)
at utilities.NavigationTree.clickButton(NavigationTree.java:95)
at utilities.NavigationTree.clickButton(NavigationTree.java:95)
at utilities.NavigationTree.clickButton(NavigationTree.java:95)
at utilities.NavigationTree.clickButton(NavigationTree.java:95)
at utilities.NavigationTree.clickButton(NavigationTree.java:95)
at utilities.NavigationTree.clickButton(NavigationTree.java:95)
at utilities.NavigationTree.clickButton(NavigationTree.java:95)
at utilities.NavigationTree.clickButton(NavigationTree.java:95)
at utilities.NavigationTree.clickButton(NavigationTree.java:95)
at utilities.NavigationTree.clickButton(NavigationTree.java:95)
at utilities.NavigationTree.clickButton(NavigationTree.java:95)
at utilities.NavigationTree.clickButton(NavigationTree.java:95)
at utilities.NavigationTree.clickButton(NavigationTree.java:95)
at utilities.NavigationTree.clickButton(NavigationTree.java:95)
at utilities.NavigationTree.clickButton(NavigationTree.java:95)
at utilities.NavigationTree.clickButton(NavigationTree.java:95)
at utilities.NavigationTree.clickButton(NavigationTree.java:95)
at utilities.NavigationTree.clickButton(NavigationTree.java:95)
at utilities.NavigationTree.clickButton(NavigationTree.java:95)
at utilities.NavigationTree.clickButton(NavigationTree.java:95)
at utilities.NavigationTree.clickButton(NavigationTree.java:95)
at utilities.NavigationTree.clickButton(NavigationTree.java:95)
at utilities.NavigationTree.clickButton(NavigationTree.java:95)
at utilities.NavigationTree.clickButton(NavigationTree.java:95)
at utilities.NavigationTree.clickButton(NavigationTree.java:95)
at utilities.NavigationTree.clickButton(NavigationTree.java:95)
at utilities.NavigationTree.clickButton(NavigationTree.java:95)
at utilities.NavigationTree.clickButton(NavigationTree.java:95)
at utilities.NavigationTree.clickButton(NavigationTree.java:95)
at utilities.NavigationTree.clickButton(NavigationTree.java:95)
at utilities.NavigationTree.clickButton(NavigationTree.java:95)
at utilities.NavigationTree.clickButton(NavigationTree.java:95)
at utilities.NavigationTree.clickButton(NavigationTree.java:95)
at utilities.NavigationTree.clickButton(NavigationTree.java:95)
at utilities.NavigationTree.clickButton(NavigationTree.java:95)
at utilities.NavigationTree.clickButton(NavigationTree.java:95)
at utilities.NavigationTree.clickButton(NavigationTree.java:95)
at utilities.NavigationTree.clickButton(NavigationTree.java:95)
at utilities.NavigationTree.clickButton(NavigationTree.java:95)
at utilities.NavigationTree.clickButton(NavigationTree.java:95)
at utilities.NavigationTree.clickButton(NavigationTree.java:95)
at utilities.NavigationTree.clickButton(NavigationTree.java:95)
at utilities.NavigationTree.clickButton(NavigationTree.java:95)
at utilities.NavigationTree.clickButton(NavigationTree.java:95)
at utilities.NavigationTree.clickButton(NavigationTree.java:95)
at utilities.NavigationTree.clickButton(NavigationTree.java:95)
at utilities.NavigationTree.clickButton(NavigationTree.java:95)
at utilities.NavigationTree.clickButton(NavigationTree.java:95)
at utilities.NavigationTree.clickButton(NavigationTree.java:95)
at utilities.NavigationTree.clickButton(NavigationTree.java:95)
at utilities.NavigationTree.clickButton(NavigationTree.java:95)
at utilities.NavigationTree.clickButton(NavigationTree.java:95)
at utilities.NavigationTree.clickButton(NavigationTree.java:95)
at utilities.NavigationTree.clickButton(NavigationTree.java:95)
at utilities.NavigationTree.clickButton(NavigationTree.java:95)
at utilities.NavigationTree.clickButton(NavigationTree.java:95)
at utilities.NavigationTree.clickButton(NavigationTree.java:95)
at utilities.NavigationTree.clickButton(NavigationTree.java:95)
at utilities.NavigationTree.clickButton(NavigationTree.java:95)
at utilities.NavigationTree.clickButton(NavigationTree.java:95)
at utilities.NavigationTree.clickButton(NavigationTree.java:95)
at utilities.NavigationTree.clickButton(NavigationTree.java:95)
at utilities.NavigationTree.clickButton(NavigationTree.java:95)
at utilities.NavigationTree.clickButton(NavigationTree.java:95)
at utilities.NavigationTree.clickButton(NavigationTree.java:95)
at utilities.NavigationTree.clickButton(NavigationTree.java:95)
at utilities.NavigationTree.clickButton(NavigationTree.java:95)
at utilities.NavigationTree.clickButton(NavigationTree.java:95)
at utilities.NavigationTree.clickButton(NavigationTree.java:95)
at utilities.NavigationTree.clickButton(NavigationTree.java:95)
at utilities.NavigationTree.clickButton(NavigationTree.java:95)
at utilities.NavigationTree.clickButton(NavigationTree.java:95)
at utilities.NavigationTree.clickButton(NavigationTree.java:95)
at utilities.NavigationTree.clickButton(NavigationTree.java:95)
at utilities.NavigationTree.clickButton(NavigationTree.java:95)
at utilities.NavigationTree.clickButton(NavigationTree.java:95)
at utilities.NavigationTree.clickButton(NavigationTree.java:95)
at utilities.NavigationTree.clickButton(NavigationTree.java:95)
at utilities.NavigationTree.clickButton(NavigationTree.java:95)
at utilities.NavigationTree.clickButton(NavigationTree.java:95)
at utilities.NavigationTree.clickButton(NavigationTree.java:95)
at utilities.NavigationTree.clickButton(NavigationTree.java:95)
at utilities.NavigationTree.clickButton(NavigationTree.java:95)
at utilities.NavigationTree.clickButton(NavigationTree.java:95)
at utilities.NavigationTree.clickButton(NavigationTree.java:95)
at utilities.NavigationTree.clickButton(NavigationTree.java:95)
at utilities.NavigationTree.clickButton(NavigationTree.java:95)
at utilities.NavigationTree.clickButton(NavigationTree.java:95)
at utilities.NavigationTree.clickButton(NavigationTree.java:95)
at utilities.NavigationTree.clickButton(NavigationTree.java:95)
at utilities.NavigationTree.clickButton(NavigationTree.java:95)
at utilities.NavigationTree.clickButton(NavigationTree.java:95)
at utilities.NavigationTree.clickButton(NavigationTree.java:95)
at utilities.NavigationTree.clickButton(NavigationTree.java:95)
at utilities.NavigationTree.clickButton(NavigationTree.java:95)
at utilities.NavigationTree.clickButton(NavigationTree.java:95)
at utilities.NavigationTree.clickButton(NavigationTree.java:95)
at utilities.NavigationTree.clickButton(NavigationTree.java:95)
at utilities.NavigationTree.clickButton(NavigationTree.java:95)
at utilities.NavigationTree.clickButton(NavigationTree.java:95)
at utilities.NavigationTree.clickButton(NavigationTree.java:95)
at utilities.NavigationTree.clickButton(NavigationTree.java:95)
at utilities.NavigationTree.clickButton(NavigationTree.java:95)
at utilities.NavigationTree.clickButton(NavigationTree.java:95)
at utilities.NavigationTree.clickButton(NavigationTree.java:95)
at utilities.NavigationTree.clickButton(NavigationTree.java:95)
at utilities.NavigationTree.clickButton(NavigationTree.java:95)
at utilities.NavigationTree.clickButton(NavigationTree.java:95)
at utilities.NavigationTree.clickButton(NavigationTree.java:95)
at utilities.NavigationTree.clickButton(NavigationTree.java:95)
at utilities.NavigationTree.clickButton(NavigationTree.java:95)
at utilities.NavigationTree.clickButton(NavigationTree.java:95)
at utilities.NavigationTree.clickButton(NavigationTree.java:95)
at utilities.NavigationTree.clickButton(NavigationTree.java:95)
at utilities.NavigationTree.clickButton(NavigationTree.java:95)
at utilities.NavigationTree.clickButton(NavigationTree.java:95)
at utilities.NavigationTree.clickButton(NavigationTree.java:95)
at utilities.NavigationTree.clickButton(NavigationTree.java:95)
at utilities.NavigationTree.clickButton(NavigationTree.java:95)
at utilities.NavigationTree.clickButton(NavigationTree.java:95)
at utilities.NavigationTree.clickButton(NavigationTree.java:95)
at utilities.NavigationTree.clickButton(NavigationTree.java:95)
at utilities.NavigationTree.clickButton(NavigationTree.java:95)
at utilities.NavigationTree.clickButton(NavigationTree.java:95)
at utilities.NavigationTree.clickButton(NavigationTree.java:95)
at utilities.NavigationTree.clickButton(NavigationTree.java:95)
at utilities.NavigationTree.clickButton(NavigationTree.java:95)
at utilities.NavigationTree.clickButton(NavigationTree.java:95)
at utilities.NavigationTree.clickButton(NavigationTree.java:95)
at utilities.NavigationTree.clickButton(NavigationTree.java:95)
at utilities.NavigationTree.clickButton(NavigationTree.java:95)
at utilities.NavigationTree.clickButton(NavigationTree.java:95)
at utilities.NavigationTree.clickButton(NavigationTree.java:95)
at utilities.NavigationTree.clickButton(NavigationTree.java:95)
at utilities.NavigationTree.clickButton(NavigationTree.java:95)
at utilities.NavigationTree.clickButton(NavigationTree.java:95)
at utilities.NavigationTree.clickButton(NavigationTree.java:95)
at utilities.NavigationTree.clickButton(NavigationTree.java:95)
at utilities.NavigationTree.clickButton(NavigationTree.java:95)
at utilities.NavigationTree.clickButton(NavigationTree.java:95)
at utilities.NavigationTree.clickButton(NavigationTree.java:95)
at utilities.NavigationTree.clickButton(NavigationTree.java:95)
at utilities.NavigationTree.clickButton(NavigationTree.java:95)
at utilities.NavigationTree.clickButton(NavigationTree.java:95)
at utilities.NavigationTree.clickButton(NavigationTree.java:95)
at utilities.NavigationTree.clickButton(NavigationTree.java:95)
at utilities.NavigationTree.clickButton(NavigationTree.java:95)
at utilities.NavigationTree.clickButton(NavigationTree.java:95)
at utilities.NavigationTree.clickButton(NavigationTree.java:95)
at utilities.NavigationTree.clickButton(NavigationTree.java:95)
at utilities.NavigationTree.clickButton(NavigationTree.java:95)
at utilities.NavigationTree.clickButton(NavigationTree.java:95)
at utilities.NavigationTree.clickButton(NavigationTree.java:95)
at utilities.NavigationTree.clickButton(NavigationTree.java:95)
at utilities.NavigationTree.clickButton(NavigationTree.java:95)
at utilities.NavigationTree.clickButton(NavigationTree.java:95)
at utilities.NavigationTree.clickButton(NavigationTree.java:95)
at utilities.NavigationTree.clickButton(NavigationTree.java:95)
at utilities.NavigationTree.clickButton(NavigationTree.java:95)
at utilities.NavigationTree.clickButton(NavigationTree.java:95)
at utilities.NavigationTree.clickButton(NavigationTree.java:95)
at utilities.NavigationTree.clickButton(NavigationTree.java:95)
at utilities.NavigationTree.clickButton(NavigationTree.java:95)
at utilities.NavigationTree.clickButton(NavigationTree.java:95)
at utilities.NavigationTree.clickButton(NavigationTree.java:95)
at utilities.NavigationTree.clickButton(NavigationTree.java:95)
at utilities.NavigationTree.clickButton(NavigationTree.java:95)
at utilities.NavigationTree.clickButton(NavigationTree.java:95)
at utilities.NavigationTree.clickButton(NavigationTree.java:95)
at utilities.NavigationTree.clickButton(NavigationTree.java:95)
at utilities.NavigationTree.clickButton(NavigationTree.java:95)
at utilities.NavigationTree.clickButton(NavigationTree.java:95)
at utilities.NavigationTree.clickButton(NavigationTree.java:95)
at utilities.NavigationTree.clickButton(NavigationTree.java:95)
at utilities.NavigationTree.clickButton(NavigationTree.java:95)
at utilities.NavigationTree.clickButton(NavigationTree.java:95)
at utilities.NavigationTree.clickButton(NavigationTree.java:95)
at utilities.NavigationTree.clickButton(NavigationTree.java:95)
at utilities.NavigationTree.clickButton(NavigationTree.java:95)
at utilities.NavigationTree.clickButton(NavigationTree.java:95)
at utilities.NavigationTree.clickButton(NavigationTree.java:95)
at utilities.NavigationTree.clickButton(NavigationTree.java:95)
at utilities.NavigationTree.clickButton(NavigationTree.java:95)
at utilities.NavigationTree.clickButton(NavigationTree.java:95)
at utilities.NavigationTree.clickButton(NavigationTree.java:95)
]]>
    </error>
  </testcase> <!-- createModifyTicket -->
  <testcase classname="testcases.TestNavigation" name="managedBusinessApplication" time="3.625"/>
  <testcase classname="testcases.TestNavigation" name="otherEmailRequest" time="5.378">
    <failure message="expected [true] but found [false]" type="java.lang.AssertionError">
      <![CDATA[java.lang.AssertionError: expected [true] but found [false]
at org.testng.Assert.fail(Assert.java:96)
at org.testng.Assert.failNotEquals(Assert.java:776)
at org.testng.Assert.assertEqualsImpl(Assert.java:137)
at org.testng.Assert.assertEquals(Assert.java:118)
at org.testng.Assert.assertEquals(Assert.java:568)
at org.testng.Assert.assertEquals(Assert.java:578)
at testcases.TestNavigation.otherEmailRequest(TestNavigation.java:458)
at java.base/jdk.internal.reflect.NativeMethodAccessorImpl.invoke0(Native Method)
at java.base/jdk.internal.reflect.NativeMethodAccessorImpl.invoke(Unknown Source)
at java.base/jdk.internal.reflect.DelegatingMethodAccessorImpl.invoke(Unknown Source)
at java.base/java.lang.reflect.Method.invoke(Unknown Source)
at org.testng.internal.MethodInvocationHelper.invokeMethod(MethodInvocationHelper.java:124)
at org.testng.internal.Invoker.invokeMethod(Invoker.java:580)
at org.testng.internal.Invoker.invokeTestMethod(Invoker.java:716)
at org.testng.internal.Invoker.invokeTestMethods(Invoker.java:988)
at org.testng.internal.TestMethodWorker.invokeTestMethods(TestMethodWorker.java:125)
at org.testng.internal.TestMethodWorker.run(TestMethodWorker.java:109)
at org.testng.TestRunner.privateRun(TestRunner.java:648)
at org.testng.TestRunner.run(TestRunner.java:505)
at org.testng.SuiteRunner.runTest(SuiteRunner.java:455)
at org.testng.SuiteRunner.runSequentially(SuiteRunner.java:450)
at org.testng.SuiteRunner.privateRun(SuiteRunner.java:415)
at org.testng.SuiteRunner.run(SuiteRunner.java:364)
at org.testng.SuiteRunnerWorker.runSuite(SuiteRunnerWorker.java:52)
at org.testng.SuiteRunnerWorker.run(SuiteRunnerWorker.java:84)
at org.testng.TestNG.runSuitesSequentially(TestNG.java:1208)
at org.testng.TestNG.runSuitesLocally(TestNG.java:1137)
at org.testng.TestNG.runSuites(TestNG.java:1049)
at org.testng.TestNG.run(TestNG.java:1017)
at org.testng.remote.AbstractRemoteTestNG.run(AbstractRemoteTestNG.java:114)
at org.testng.remote.RemoteTestNG.initAndRun(RemoteTestNG.java:251)
at org.testng.remote.RemoteTestNG.main(RemoteTestNG.java:77)
]]>
    </failure>
  </testcase> <!-- otherEmailRequest -->
  <testcase classname="testcases.TestNavigation" name="incidentSecurity" time="3.304"/>
  <testcase classname="testcases.TestNavigation" name="mobatime" time="4.265"/>
  <testcase classname="testcases.TestNavigation" name="resetPassword" time="5.116"/>
  <testcase classname="testcases.TestNavigation" name="revokeSharedMailbox" time="5.340">
    <failure message="expected [true] but found [false]" type="java.lang.AssertionError">
      <![CDATA[java.lang.AssertionError: expected [true] but found [false]
at org.testng.Assert.fail(Assert.java:96)
at org.testng.Assert.failNotEquals(Assert.java:776)
at org.testng.Assert.assertEqualsImpl(Assert.java:137)
at org.testng.Assert.assertEquals(Assert.java:118)
at org.testng.Assert.assertEquals(Assert.java:568)
at org.testng.Assert.assertEquals(Assert.java:578)
at testcases.TestNavigation.revokeSharedMailbox(TestNavigation.java:364)
at java.base/jdk.internal.reflect.NativeMethodAccessorImpl.invoke0(Native Method)
at java.base/jdk.internal.reflect.NativeMethodAccessorImpl.invoke(Unknown Source)
at java.base/jdk.internal.reflect.DelegatingMethodAccessorImpl.invoke(Unknown Source)
at java.base/java.lang.reflect.Method.invoke(Unknown Source)
at org.testng.internal.MethodInvocationHelper.invokeMethod(MethodInvocationHelper.java:124)
at org.testng.internal.Invoker.invokeMethod(Invoker.java:580)
at org.testng.internal.Invoker.invokeTestMethod(Invoker.java:716)
at org.testng.internal.Invoker.invokeTestMethods(Invoker.java:988)
at org.testng.internal.TestMethodWorker.invokeTestMethods(TestMethodWorker.java:125)
at org.testng.internal.TestMethodWorker.run(TestMethodWorker.java:109)
at org.testng.TestRunner.privateRun(TestRunner.java:648)
at org.testng.TestRunner.run(TestRunner.java:505)
at org.testng.SuiteRunner.runTest(SuiteRunner.java:455)
at org.testng.SuiteRunner.runSequentially(SuiteRunner.java:450)
at org.testng.SuiteRunner.privateRun(SuiteRunner.java:415)
at org.testng.SuiteRunner.run(SuiteRunner.java:364)
at org.testng.SuiteRunnerWorker.runSuite(SuiteRunnerWorker.java:52)
at org.testng.SuiteRunnerWorker.run(SuiteRunnerWorker.java:84)
at org.testng.TestNG.runSuitesSequentially(TestNG.java:1208)
at org.testng.TestNG.runSuitesLocally(TestNG.java:1137)
at org.testng.TestNG.runSuites(TestNG.java:1049)
at org.testng.TestNG.run(TestNG.java:1017)
at org.testng.remote.AbstractRemoteTestNG.run(AbstractRemoteTestNG.java:114)
at org.testng.remote.RemoteTestNG.initAndRun(RemoteTestNG.java:251)
at org.testng.remote.RemoteTestNG.main(RemoteTestNG.java:77)
]]>
    </failure>
  </testcase> <!-- revokeSharedMailbox -->
  <testcase classname="testcases.TestNavigation" name="grantAccessFolder" time="4.861"/>
  <testcase classname="testcases.TestNavigation" name="problemAV" time="10.013">
    <failure message="expected [true] but found [false]" type="java.lang.AssertionError">
      <![CDATA[java.lang.AssertionError: expected [true] but found [false]
at org.testng.Assert.fail(Assert.java:96)
at org.testng.Assert.failNotEquals(Assert.java:776)
at org.testng.Assert.assertEqualsImpl(Assert.java:137)
at org.testng.Assert.assertEquals(Assert.java:118)
at org.testng.Assert.assertEquals(Assert.java:568)
at org.testng.Assert.assertEquals(Assert.java:578)
at testcases.TestNavigation.problemAV(TestNavigation.java:853)
at java.base/jdk.internal.reflect.NativeMethodAccessorImpl.invoke0(Native Method)
at java.base/jdk.internal.reflect.NativeMethodAccessorImpl.invoke(Unknown Source)
at java.base/jdk.internal.reflect.DelegatingMethodAccessorImpl.invoke(Unknown Source)
at java.base/java.lang.reflect.Method.invoke(Unknown Source)
at org.testng.internal.MethodInvocationHelper.invokeMethod(MethodInvocationHelper.java:124)
at org.testng.internal.Invoker.invokeMethod(Invoker.java:580)
at org.testng.internal.Invoker.invokeTestMethod(Invoker.java:716)
at org.testng.internal.Invoker.invokeTestMethods(Invoker.java:988)
at org.testng.internal.TestMethodWorker.invokeTestMethods(TestMethodWorker.java:125)
at org.testng.internal.TestMethodWorker.run(TestMethodWorker.java:109)
at org.testng.TestRunner.privateRun(TestRunner.java:648)
at org.testng.TestRunner.run(TestRunner.java:505)
at org.testng.SuiteRunner.runTest(SuiteRunner.java:455)
at org.testng.SuiteRunner.runSequentially(SuiteRunner.java:450)
at org.testng.SuiteRunner.privateRun(SuiteRunner.java:415)
at org.testng.SuiteRunner.run(SuiteRunner.java:364)
at org.testng.SuiteRunnerWorker.runSuite(SuiteRunnerWorker.java:52)
at org.testng.SuiteRunnerWorker.run(SuiteRunnerWorker.java:84)
at org.testng.TestNG.runSuitesSequentially(TestNG.java:1208)
at org.testng.TestNG.runSuitesLocally(TestNG.java:1137)
at org.testng.TestNG.runSuites(TestNG.java:1049)
at org.testng.TestNG.run(TestNG.java:1017)
at org.testng.remote.AbstractRemoteTestNG.run(AbstractRemoteTestNG.java:114)
at org.testng.remote.RemoteTestNG.initAndRun(RemoteTestNG.java:251)
at org.testng.remote.RemoteTestNG.main(RemoteTestNG.java:77)
]]>
    </failure>
  </testcase> <!-- problemAV -->
  <testcase classname="testcases.TestNavigation" name="otherVPN" time="5.137"/>
  <testcase classname="testcases.TestNavigation" name="modifyExistingMailbox" time="5.866"/>
  <testcase classname="testcases.TestNavigation" name="createTicket" time="0.000">
    <skipped/>
  </testcase> <!-- createTicket -->
  <testcase classname="testcases.TestNavigation" name="ipTelephonyServices" time="4.635"/>
  <testcase classname="testcases.TestNavigation" name="unableLogin" time="14.642"/>
  <testcase classname="testcases.TestNavigation" name="businessApp" time="5.600"/>
  <testcase classname="testcases.TestNavigation" name="general" time="3.852"/>
  <testcase classname="testcases.TestNavigation" name="calendarAccess" time="0.000">
    <skipped/>
  </testcase> <!-- calendarAccess -->
  <testcase classname="testcases.TestNavigation" name="otherExchange" time="0.000">
    <skipped/>
  </testcase> <!-- otherExchange -->
  <testcase classname="testcases.TestNavigation" name="lyris" time="3.975"/>
  <testcase classname="testcases.TestNavigation" name="registerNewDomain" time="6.480"/>
  <testcase classname="testcases.TestNavigation" name="clockworks" time="4.503"/>
  <testcase classname="testcases.TestNavigation" name="mailchimp" time="4.291"/>
  <testcase classname="testcases.TestNavigation" name="virusFound" time="4.503"/>
  <testcase classname="testcases.TestNavigation" name="sendAsPermissions" time="0.000">
    <skipped/>
  </testcase> <!-- sendAsPermissions -->
  <testcase classname="testcases.TestNavigation" name="addEmail" time="4.775"/>
</testsuite> <!-- testcases.TestNavigation -->
