<?xml version="1.0" encoding="UTF-8"?>
<!-- Generated by org.testng.reporters.JUnitReportReporter -->
<testsuite hostname="LBNL03409" failures="0" tests="1" name="testcases.TestLogin" time="9.627" errors="0" timestamp="30 mei 2018 09:14:18 GMT" skipped="0">
  <testcase classname="testcases.TestLogin" name="correctLogin" time="9.627"/>
</testsuite> <!-- testcases.TestLogin -->
