<?xml version="1.0" encoding="UTF-8"?>
<!-- Generated by org.testng.reporters.JUnitReportReporter -->
<testsuite hostname="LBNL03409" failures="0" tests="2" name="testcases.TestLogin" time="76.307" errors="0" timestamp="30 mei 2018 08:02:56 GMT" skipped="0">
  <testcase classname="testcases.TestLogin" name="correctLogin" time="40.613"/>
  <testcase classname="testcases.TestLogin" name="wrongLogin" time="35.694"/>
</testsuite> <!-- testcases.TestLogin -->
