<?xml version="1.0" encoding="UTF-8"?>
<!-- Generated by org.testng.reporters.JUnitReportReporter -->
<testsuite hostname="LBNL03409" failures="0" tests="2" name="testcases.TestLogin" time="39.164" errors="0" timestamp="24 mei 2018 12:02:26 GMT" skipped="0">
  <testcase classname="testcases.TestLogin" name="correctLogin" time="15.820"/>
  <testcase classname="testcases.TestLogin" name="wrongLogin" time="23.344"/>
</testsuite> <!-- testcases.TestLogin -->
