<?xml version="1.0" encoding="UTF-8"?>
<!-- Generated by org.testng.reporters.JUnitReportReporter -->
<testsuite skipped="0" hostname="LBNL700201" name="testcases.TestCreateTicket" tests="1" failures="0" timestamp="02 mei 2018 10:02:32 GMT" time="0.015" errors="0">
  <testcase name="createSomething" time="0.015" classname="testcases.TestCreateTicket"/>
</testsuite> <!-- testcases.TestCreateTicket -->
