<?xml version="1.0" encoding="UTF-8"?>
<!-- Generated by org.testng.reporters.JUnitReportReporter -->
<testsuite hostname="LBNL03409" failures="0" tests="28" name="testcases.TestReportIncident" time="171.975" errors="1" timestamp="18 mei 2018 06:36:49 GMT" skipped="0">
  <testcase classname="testcases.TestReportIncident" name="reportCitrixOtherSeveralApps" time="6.333"/>
  <testcase classname="testcases.TestReportIncident" name="reportMobaTime" time="5.787"/>
  <testcase classname="testcases.TestReportIncident" name="reportSkypeErrorMessage" time="5.996"/>
  <testcase classname="testcases.TestReportIncident" name="reportExcelIncident" time="5.588"/>
  <testcase classname="testcases.TestReportIncident" name="ipPhoneLogonCredentials" time="6.256"/>
  <testcase classname="testcases.TestReportIncident" name="reportCitrixOtherOneApp" time="6.590"/>
  <testcase classname="testcases.TestReportIncident" name="reportClickView" time="6.272"/>
  <testcase classname="testcases.TestReportIncident" name="reportOutlookIncidentIcon" time="7.087"/>
  <testcase classname="testcases.TestReportIncident" name="ipPhoneOther" time="6.700"/>
  <testcase classname="testcases.TestReportIncident" name="reportSkypeFunctionalities" time="6.263"/>
  <testcase classname="testcases.TestReportIncident" name="reportCitrixSeveralApps" time="5.581"/>
  <testcase classname="testcases.TestReportIncident" name="reportClockWorks" time="8.742"/>
  <testcase classname="testcases.TestReportIncident" name="reportCitrixOtherAllApps" time="6.506"/>
  <testcase classname="testcases.TestReportIncident" name="reportSkypeCredentials" time="5.306"/>
  <testcase classname="testcases.TestReportIncident" name="ipPhoneFunctionalities" time="6.969"/>
  <testcase classname="testcases.TestReportIncident" name="reportLyris" time="6.043"/>
  <testcase classname="testcases.TestReportIncident" name="reportOutlookIncidentBrowser" time="8.670"/>
  <testcase classname="testcases.TestReportIncident" name="reportOfficeAppIncident" time="2.402"/>
  <testcase classname="testcases.TestReportIncident" name="reportProConcept" time="5.429"/>
  <testcase classname="testcases.TestReportIncident" name="reportHRForms" time="5.762"/>
  <testcase classname="testcases.TestReportIncident" name="reportMailChimp" time="5.729"/>
  <testcase classname="testcases.TestReportIncident" name="reportCitrixOneApp" time="6.281"/>
  <testcase classname="testcases.TestReportIncident" name="reportWordIncident" time="6.894"/>
  <testcase classname="testcases.TestReportIncident" name="reportSkypeOther" time="0.393">
    <error message="no such element: Unable to locate element: {&quot;method&quot;:&quot;xpath&quot;,&quot;selector&quot;:&quot;//*[@id=&#039;userInput&#039;]&quot;}
  (Session info: chrome=66.0.3359.139)
  (Driver info: chromedriver=2.37.544315 (730aa6a5fdba159ac9f4c1e8cbc59bf1b5ce12b7),platform=Windows NT 6.1.7601 SP1 x86_64) (WARNING: The server did not provide any stacktrace information)
Command duration or timeout: 0 milliseconds
For documentation on this error, please visit: http://seleniumhq.org/exceptions/no_such_element.html
Build info: version: &#039;3.11.0&#039;, revision: &#039;e59cfb3&#039;, time: &#039;2018-03-11T20:26:55.152Z&#039;
System info: host: &#039;LBNL03409&#039;, ip: &#039;10.32.61.46&#039;, os.name: &#039;Windows 7&#039;, os.arch: &#039;amd64&#039;, os.version: &#039;6.1&#039;, java.version: &#039;10.0.1&#039;
Driver info: org.openqa.selenium.chrome.ChromeDriver
Capabilities {acceptInsecureCerts: false, acceptSslCerts: false, applicationCacheEnabled: false, browserConnectionEnabled: false, browserName: chrome, chrome: {chromedriverVersion: 2.37.544315 (730aa6a5fdba15..., userDataDir: C:\Users\SDECORTE\AppData\L...}, cssSelectorsEnabled: true, databaseEnabled: false, handlesAlerts: true, hasTouchScreen: false, javascriptEnabled: true, locationContextEnabled: true, mobileEmulationEnabled: false, nativeEvents: true, networkConnectionEnabled: false, pageLoadStrategy: normal, platform: XP, platformName: XP, rotatable: false, setWindowRect: true, takesHeapSnapshot: true, takesScreenshot: true, unexpectedAlertBehaviour: , unhandledPromptBehavior: , version: 66.0.3359.139, webStorageEnabled: true}
Session ID: 61b2fed8b79a450f96d1fb7694a707fd
*** Element info: {Using=xpath, value=//*[@id=&#039;userInput&#039;]}" type="org.openqa.selenium.NoSuchElementException">
      <![CDATA[org.openqa.selenium.NoSuchElementException: no such element: Unable to locate element: {"method":"xpath","selector":"//*[@id='userInput']"}
  (Session info: chrome=66.0.3359.139)
  (Driver info: chromedriver=2.37.544315 (730aa6a5fdba159ac9f4c1e8cbc59bf1b5ce12b7),platform=Windows NT 6.1.7601 SP1 x86_64) (WARNING: The server did not provide any stacktrace information)
Command duration or timeout: 0 milliseconds
For documentation on this error, please visit: http://seleniumhq.org/exceptions/no_such_element.html
Build info: version: '3.11.0', revision: 'e59cfb3', time: '2018-03-11T20:26:55.152Z'
System info: host: 'LBNL03409', ip: '10.32.61.46', os.name: 'Windows 7', os.arch: 'amd64', os.version: '6.1', java.version: '10.0.1'
Driver info: org.openqa.selenium.chrome.ChromeDriver
Capabilities {acceptInsecureCerts: false, acceptSslCerts: false, applicationCacheEnabled: false, browserConnectionEnabled: false, browserName: chrome, chrome: {chromedriverVersion: 2.37.544315 (730aa6a5fdba15..., userDataDir: C:\Users\SDECORTE\AppData\L...}, cssSelectorsEnabled: true, databaseEnabled: false, handlesAlerts: true, hasTouchScreen: false, javascriptEnabled: true, locationContextEnabled: true, mobileEmulationEnabled: false, nativeEvents: true, networkConnectionEnabled: false, pageLoadStrategy: normal, platform: XP, platformName: XP, rotatable: false, setWindowRect: true, takesHeapSnapshot: true, takesScreenshot: true, unexpectedAlertBehaviour: , unhandledPromptBehavior: , version: 66.0.3359.139, webStorageEnabled: true}
Session ID: 61b2fed8b79a450f96d1fb7694a707fd
*** Element info: {Using=xpath, value=//*[@id='userInput']}
at java.base/jdk.internal.reflect.NativeConstructorAccessorImpl.newInstance0(Native Method)
at java.base/jdk.internal.reflect.NativeConstructorAccessorImpl.newInstance(Unknown Source)
at java.base/jdk.internal.reflect.DelegatingConstructorAccessorImpl.newInstance(Unknown Source)
at java.base/java.lang.reflect.Constructor.newInstance(Unknown Source)
at org.openqa.selenium.remote.ErrorHandler.createThrowable(ErrorHandler.java:214)
at org.openqa.selenium.remote.ErrorHandler.throwIfResponseFailed(ErrorHandler.java:166)
at org.openqa.selenium.remote.http.JsonHttpResponseCodec.reconstructValue(JsonHttpResponseCodec.java:40)
at org.openqa.selenium.remote.http.AbstractHttpResponseCodec.decode(AbstractHttpResponseCodec.java:80)
at org.openqa.selenium.remote.http.AbstractHttpResponseCodec.decode(AbstractHttpResponseCodec.java:44)
at org.openqa.selenium.remote.HttpCommandExecutor.execute(HttpCommandExecutor.java:158)
at org.openqa.selenium.remote.service.DriverCommandExecutor.execute(DriverCommandExecutor.java:83)
at org.openqa.selenium.remote.RemoteWebDriver.execute(RemoteWebDriver.java:545)
at org.openqa.selenium.remote.RemoteWebDriver.findElement(RemoteWebDriver.java:319)
at org.openqa.selenium.remote.RemoteWebDriver.findElementByXPath(RemoteWebDriver.java:421)
at org.openqa.selenium.By$ByXPath.findElement(By.java:361)
at org.openqa.selenium.remote.RemoteWebDriver.findElement(RemoteWebDriver.java:311)
at org.openqa.selenium.support.pagefactory.DefaultElementLocator.findElement(DefaultElementLocator.java:69)
at org.openqa.selenium.support.pagefactory.internal.LocatingElementHandler.invoke(LocatingElementHandler.java:38)
at com.sun.proxy.$Proxy13.sendKeys(Unknown Source)
at model.Chatbot.inputMessage(Chatbot.java:123)
at utilities.NavigationTree.clickButton(NavigationTree.java:89)
at utilities.NavigationTree.clickButton(NavigationTree.java:95)
at utilities.NavigationTree.clickButton(NavigationTree.java:95)
at testcases.TestReportIncident.reportSkypeOther(TestReportIncident.java:230)
at java.base/jdk.internal.reflect.NativeMethodAccessorImpl.invoke0(Native Method)
at java.base/jdk.internal.reflect.NativeMethodAccessorImpl.invoke(Unknown Source)
at java.base/jdk.internal.reflect.DelegatingMethodAccessorImpl.invoke(Unknown Source)
at java.base/java.lang.reflect.Method.invoke(Unknown Source)
at org.testng.internal.MethodInvocationHelper.invokeMethod(MethodInvocationHelper.java:124)
at org.testng.internal.Invoker.invokeMethod(Invoker.java:580)
at org.testng.internal.Invoker.invokeTestMethod(Invoker.java:716)
at org.testng.internal.Invoker.invokeTestMethods(Invoker.java:988)
at org.testng.internal.TestMethodWorker.invokeTestMethods(TestMethodWorker.java:125)
at org.testng.internal.TestMethodWorker.run(TestMethodWorker.java:109)
at org.testng.TestRunner.privateRun(TestRunner.java:648)
at org.testng.TestRunner.run(TestRunner.java:505)
at org.testng.SuiteRunner.runTest(SuiteRunner.java:455)
at org.testng.SuiteRunner.runSequentially(SuiteRunner.java:450)
at org.testng.SuiteRunner.privateRun(SuiteRunner.java:415)
at org.testng.SuiteRunner.run(SuiteRunner.java:364)
at org.testng.SuiteRunnerWorker.runSuite(SuiteRunnerWorker.java:52)
at org.testng.SuiteRunnerWorker.run(SuiteRunnerWorker.java:84)
at org.testng.TestNG.runSuitesSequentially(TestNG.java:1208)
at org.testng.TestNG.runSuitesLocally(TestNG.java:1137)
at org.testng.TestNG.runSuites(TestNG.java:1049)
at org.testng.TestNG.run(TestNG.java:1017)
at org.testng.remote.AbstractRemoteTestNG.run(AbstractRemoteTestNG.java:114)
at org.testng.remote.RemoteTestNG.initAndRun(RemoteTestNG.java:251)
at org.testng.remote.RemoteTestNG.main(RemoteTestNG.java:77)
]]>
    </error>
  </testcase> <!-- reportSkypeOther -->
  <testcase classname="testcases.TestReportIncident" name="reportBPC" time="6.670"/>
  <testcase classname="testcases.TestReportIncident" name="reportScorecards" time="9.804"/>
  <testcase classname="testcases.TestReportIncident" name="reportPowerpointIncident" time="5.610"/>
  <testcase classname="testcases.TestReportIncident" name="ipPhoneLogonErrorMessage" time="6.312"/>
</testsuite> <!-- testcases.TestReportIncident -->
