<?xml version="1.0" encoding="UTF-8"?>
<!-- Generated by org.testng.reporters.JUnitReportReporter -->
<testsuite hostname="LBNL03409" failures="0" tests="2" name="testcases.TestLogin" time="35.671" errors="0" timestamp="23 mei 2018 10:03:07 GMT" skipped="0">
  <testcase classname="testcases.TestLogin" name="correctLogin" time="17.960"/>
  <testcase classname="testcases.TestLogin" name="wrongLogin" time="17.711"/>
</testsuite> <!-- testcases.TestLogin -->
