<?xml version="1.0" encoding="UTF-8"?>
<!-- Generated by org.testng.reporters.JUnitReportReporter -->
<testsuite hostname="LBNL03409" failures="0" tests="2" name="testcases.TestLogin" time="36.034" errors="0" timestamp="30 mei 2018 06:37:26 GMT" skipped="0">
  <testcase classname="testcases.TestLogin" name="wrongLogin" time="21.828"/>
  <testcase classname="testcases.TestLogin" name="correctLogin" time="14.206"/>
</testsuite> <!-- testcases.TestLogin -->
