<?xml version="1.0" encoding="UTF-8"?>
<!-- Generated by org.testng.reporters.JUnitReportReporter -->
<testsuite hostname="LBNL03409" failures="0" tests="2" name="testcases.TestLogin" time="27.949" errors="0" timestamp="23 mei 2018 12:13:12 GMT" skipped="0">
  <testcase classname="testcases.TestLogin" name="wrongLogin" time="14.249"/>
  <testcase classname="testcases.TestLogin" name="correctLogin" time="13.700"/>
</testsuite> <!-- testcases.TestLogin -->
