<?xml version="1.0" encoding="UTF-8"?>
<!-- Generated by org.testng.reporters.JUnitReportReporter -->
<testsuite hostname="LBNL03409" failures="0" tests="1" name="testcases.TestReportIncident" time="8.648" errors="0" timestamp="30 mei 2018 09:35:42 GMT" skipped="0">
  <testcase classname="testcases.TestReportIncident" name="reportSkypeOther" time="8.648"/>
</testsuite> <!-- testcases.TestReportIncident -->
